[2017-11-02 17:02:20:0299] | CInterfaceManager.cpp-L3028: CamCtrl[2000001], GigE SDKVersion(1020001), DriverVersion(0)
[2017-11-02 17:02:21:0700] |         XmlParse.cpp-L2051: GetNodeValue [ResultingFrameRate], Unknow Exception
[2017-11-02 17:02:40:0619] | CInterfaceManager.cpp-L2846: delete one DataNode
[2017-11-02 17:02:40:0691] | CInterfaceManager.cpp-L2846: delete one DataNode
[2017-11-02 17:02:40:0774] | CInterfaceManager.cpp-L2846: delete one DataNode
[2017-11-02 17:02:40:0839] | CInterfaceManager.cpp-L2846: delete one DataNode
[2017-11-02 17:02:40:0922] | CInterfaceManager.cpp-L2846: delete one DataNode
[2017-11-02 17:02:40:0971] | CInterfaceManager.cpp-L2846: delete one DataNode
[2017-11-02 17:02:41:0032] | CInterfaceManager.cpp-L2846: delete one DataNode
[2017-11-02 17:02:41:0087] | CInterfaceManager.cpp-L2846: delete one DataNode
[2017-11-02 17:02:41:0146] | CInterfaceManager.cpp-L2846: delete one DataNode
[2017-11-02 17:02:41:0213] | CInterfaceManager.cpp-L2846: delete one DataNode
[2017-11-02 17:02:41:0281] | CInterfaceManager.cpp-L2846: delete one DataNode
[2017-11-02 17:02:41:0341] | CInterfaceManager.cpp-L2846: delete one DataNode
[2017-11-02 17:02:41:0401] | CInterfaceManager.cpp-L2846: delete one DataNode
[2017-11-02 17:02:41:0469] | CInterfaceManager.cpp-L2846: delete one DataNode
[2017-11-02 17:02:41:0560] | CInterfaceManager.cpp-L2846: delete one DataNode
[2017-11-02 17:02:41:0632] | CInterfaceManager.cpp-L2846: delete one DataNode
[2017-11-02 17:02:41:0687] | CInterfaceManager.cpp-L2846: delete one DataNode
[2017-11-02 17:02:41:0764] | CInterfaceManager.cpp-L2846: delete one DataNode
[2017-11-02 17:02:41:0834] | CInterfaceManager.cpp-L2846: delete one DataNode
[2017-11-02 17:02:41:0891] | CInterfaceManager.cpp-L2846: delete one DataNode
[2017-11-02 17:02:41:0951] | CInterfaceManager.cpp-L2846: delete one DataNode
[2017-11-02 17:02:42:0005] | CInterfaceManager.cpp-L2846: delete one DataNode
[2017-11-02 17:02:42:0072] | CInterfaceManager.cpp-L2846: delete one DataNode
[2017-11-02 17:02:42:0137] | CInterfaceManager.cpp-L2846: delete one DataNode
[2017-11-02 17:02:42:0243] | CInterfaceManager.cpp-L2846: delete one DataNode
[2017-11-02 17:02:42:0298] | CInterfaceManager.cpp-L2846: delete one DataNode
[2017-11-02 17:02:42:0360] | CInterfaceManager.cpp-L2846: delete one DataNode
[2017-11-02 17:02:42:0419] | CInterfaceManager.cpp-L2846: delete one DataNode
[2017-11-02 17:02:42:0474] | CInterfaceManager.cpp-L2846: delete one DataNode
[2017-11-02 17:02:42:0557] | CInterfaceManager.cpp-L2846: delete one DataNode
[2017-11-02 17:02:42:0621] | CInterfaceManager.cpp-L2846: delete one DataNode
[2017-11-02 17:02:42:0687] | CInterfaceManager.cpp-L2846: delete one DataNode
[2017-11-02 17:02:42:0742] | CInterfaceManager.cpp-L2846: delete one DataNode
[2017-11-02 17:02:42:0808] | CInterfaceManager.cpp-L2846: delete one DataNode
[2017-11-02 17:02:42:0892] | CInterfaceManager.cpp-L2846: delete one DataNode
[2017-11-02 17:02:42:0963] | CInterfaceManager.cpp-L2846: delete one DataNode
[2017-11-02 17:02:43:0022] | CInterfaceManager.cpp-L2846: delete one DataNode
[2017-11-02 17:02:43:0100] | CInterfaceManager.cpp-L2846: delete one DataNode
[2017-11-02 17:02:43:0178] | CInterfaceManager.cpp-L2846: delete one DataNode
[2017-11-02 17:02:43:0246] | CInterfaceManager.cpp-L2846: delete one DataNode
[2017-11-02 17:02:43:0301] | CInterfaceManager.cpp-L2846: delete one DataNode
[2017-11-02 17:02:43:0367] | CInterfaceManager.cpp-L2846: delete one DataNode
[2017-11-02 17:02:43:0439] | CInterfaceManager.cpp-L2846: delete one DataNode
[2017-11-02 17:02:43:0499] | CInterfaceManager.cpp-L2846: delete one DataNode
[2017-11-02 17:02:43:0560] | CInterfaceManager.cpp-L2846: delete one DataNode
[2017-11-02 17:02:43:0625] | CInterfaceManager.cpp-L2846: delete one DataNode
[2017-11-02 17:02:43:0686] | CInterfaceManager.cpp-L2846: delete one DataNode
[2017-11-02 17:02:43:0762] | CInterfaceManager.cpp-L2846: delete one DataNode
[2017-11-02 17:02:43:0822] | CInterfaceManager.cpp-L2846: delete one DataNode
[2017-11-02 17:02:43:0877] | CInterfaceManager.cpp-L2846: delete one DataNode
[2017-11-02 17:02:43:0949] | CInterfaceManager.cpp-L2846: delete one DataNode
[2017-11-02 17:02:44:0002] | CInterfaceManager.cpp-L2846: delete one DataNode
[2017-11-02 17:02:44:0074] | CInterfaceManager.cpp-L2846: delete one DataNode
[2017-11-02 17:02:44:0150] | CInterfaceManager.cpp-L2846: delete one DataNode
[2017-11-02 17:02:44:0204] | CInterfaceManager.cpp-L2846: delete one DataNode
[2017-11-02 17:02:44:0264] | CInterfaceManager.cpp-L2846: delete one DataNode
[2017-11-02 17:02:44:0331] | CInterfaceManager.cpp-L2846: delete one DataNode
[2017-11-02 17:02:44:0402] | CInterfaceManager.cpp-L2846: delete one DataNode
[2017-11-02 17:02:44:0469] | CInterfaceManager.cpp-L2846: delete one DataNode
[2017-11-02 17:02:44:0547] | CInterfaceManager.cpp-L2846: delete one DataNode
[2017-11-02 17:02:44:0602] | CInterfaceManager.cpp-L2846: delete one DataNode
[2017-11-02 17:02:44:0675] | CInterfaceManager.cpp-L2846: delete one DataNode
[2017-11-02 17:02:44:0733] | CInterfaceManager.cpp-L2846: delete one DataNode
[2017-11-02 17:02:44:0799] | CInterfaceManager.cpp-L2846: delete one DataNode
[2017-11-02 17:02:44:0865] | CInterfaceManager.cpp-L2846: delete one DataNode
[2017-11-02 17:02:44:0937] | CInterfaceManager.cpp-L2846: delete one DataNode
[2017-11-02 17:02:45:0002] | CInterfaceManager.cpp-L2846: delete one DataNode
[2017-11-02 17:02:45:0069] | CInterfaceManager.cpp-L2846: delete one DataNode
[2017-11-02 17:02:45:0135] | CInterfaceManager.cpp-L2846: delete one DataNode
[2017-11-02 17:02:45:0206] | CInterfaceManager.cpp-L2846: delete one DataNode
[2017-11-02 17:02:45:0273] | CInterfaceManager.cpp-L2846: delete one DataNode
[2017-11-02 17:02:45:0337] | CInterfaceManager.cpp-L2846: delete one DataNode
[2017-11-02 17:02:45:0408] | CInterfaceManager.cpp-L2846: delete one DataNode
[2017-11-02 17:02:45:0469] | CInterfaceManager.cpp-L2846: delete one DataNode
[2017-11-02 17:02:45:0533] | CInterfaceManager.cpp-L2846: delete one DataNode
[2017-11-02 17:02:45:0599] | CInterfaceManager.cpp-L2846: delete one DataNode
[2017-11-02 17:02:45:0666] | CInterfaceManager.cpp-L2846: delete one DataNode
[2017-11-02 17:02:45:0743] | CInterfaceManager.cpp-L2846: delete one DataNode
[2017-11-02 17:02:45:0803] | CInterfaceManager.cpp-L2846: delete one DataNode
[2017-11-02 17:02:45:0882] | CInterfaceManager.cpp-L2846: delete one DataNode
[2017-11-02 17:02:45:0936] | CInterfaceManager.cpp-L2846: delete one DataNode
[2017-11-02 17:02:46:0006] | CInterfaceManager.cpp-L2846: delete one DataNode
[2017-11-02 17:02:46:0091] | CInterfaceManager.cpp-L2846: delete one DataNode
[2017-11-02 17:02:46:0153] | CInterfaceManager.cpp-L2846: delete one DataNode
[2017-11-02 17:02:46:0205] | CInterfaceManager.cpp-L2846: delete one DataNode
[2017-11-02 17:02:46:0266] | CInterfaceManager.cpp-L2846: delete one DataNode
[2017-11-02 17:02:46:0333] | CInterfaceManager.cpp-L2846: delete one DataNode
[2017-11-02 17:02:46:0399] | CInterfaceManager.cpp-L2846: delete one DataNode
[2017-11-02 17:02:46:0466] | CInterfaceManager.cpp-L2846: delete one DataNode
[2017-11-02 17:02:46:0532] | CInterfaceManager.cpp-L2846: delete one DataNode
[2017-11-02 17:02:46:0598] | CInterfaceManager.cpp-L2846: delete one DataNode
[2017-11-02 17:02:46:0666] | CInterfaceManager.cpp-L2846: delete one DataNode
[2017-11-02 17:02:46:0738] | CInterfaceManager.cpp-L2846: delete one DataNode
[2017-11-02 17:02:46:0798] | CInterfaceManager.cpp-L2846: delete one DataNode
[2017-11-02 17:02:46:0865] | CInterfaceManager.cpp-L2846: delete one DataNode
[2017-11-02 17:02:46:0933] | CInterfaceManager.cpp-L2846: delete one DataNode
[2017-11-02 17:02:46:0994] | CInterfaceManager.cpp-L2846: delete one DataNode
[2017-11-02 17:02:47:0067] | CInterfaceManager.cpp-L2846: delete one DataNode
[2017-11-02 17:02:47:0144] | CInterfaceManager.cpp-L2846: delete one DataNode
[2017-11-02 17:02:47:0199] | CInterfaceManager.cpp-L2846: delete one DataNode
[2017-11-02 17:02:47:0266] | CInterfaceManager.cpp-L2846: delete one DataNode
[2017-11-02 17:02:47:0332] | CInterfaceManager.cpp-L2846: delete one DataNode
[2017-11-02 17:02:47:0399] | CInterfaceManager.cpp-L2846: delete one DataNode
[2017-11-02 17:02:47:0467] | CInterfaceManager.cpp-L2846: delete one DataNode
[2017-11-02 17:02:47:0572] | CInterfaceManager.cpp-L2846: delete one DataNode
[2017-11-02 17:02:47:0626] | CInterfaceManager.cpp-L2846: delete one DataNode
[2017-11-02 17:02:47:0703] | CInterfaceManager.cpp-L2846: delete one DataNode
[2017-11-02 17:02:47:0765] | CInterfaceManager.cpp-L2846: delete one DataNode
[2017-11-02 17:02:47:0819] | CInterfaceManager.cpp-L2846: delete one DataNode
[2017-11-02 17:02:47:0869] | CInterfaceManager.cpp-L2846: delete one DataNode
[2017-11-02 17:02:47:0945] | CInterfaceManager.cpp-L2846: delete one DataNode
[2017-11-02 17:02:47:0995] | CInterfaceManager.cpp-L2846: delete one DataNode
[2017-11-02 17:02:48:0073] | CInterfaceManager.cpp-L2846: delete one DataNode
[2017-11-02 17:02:48:0190] | CInterfaceManager.cpp-L2846: delete one DataNode
[2017-11-02 17:02:48:0251] | CInterfaceManager.cpp-L2846: delete one DataNode
[2017-11-02 17:02:48:0340] | CInterfaceManager.cpp-L2846: delete one DataNode
[2017-11-02 17:02:48:0395] | CInterfaceManager.cpp-L2846: delete one DataNode
[2017-11-02 17:02:48:0473] | CInterfaceManager.cpp-L2846: delete one DataNode
[2017-11-02 17:02:48:0544] | CInterfaceManager.cpp-L2846: delete one DataNode
[2017-11-02 17:02:48:0605] | CInterfaceManager.cpp-L2846: delete one DataNode
[2017-11-02 17:02:48:0660] | CInterfaceManager.cpp-L2846: delete one DataNode
[2017-11-02 17:02:48:0780] | CInterfaceManager.cpp-L2846: delete one DataNode
[2017-11-02 17:02:48:0840] | CInterfaceManager.cpp-L2846: delete one DataNode
[2017-11-02 17:02:48:0911] | CInterfaceManager.cpp-L2846: delete one DataNode
[2017-11-02 17:02:48:0972] | CInterfaceManager.cpp-L2846: delete one DataNode
[2017-11-02 17:02:49:0018] | CInterfaceManager.cpp-L2846: delete one DataNode
[2017-11-02 17:02:49:0079] | CInterfaceManager.cpp-L2846: delete one DataNode
[2017-11-02 17:02:49:0133] | CInterfaceManager.cpp-L2846: delete one DataNode
[2017-11-02 17:02:49:0194] | CInterfaceManager.cpp-L2846: delete one DataNode
[2017-11-02 17:02:49:0261] | CInterfaceManager.cpp-L2846: delete one DataNode
[2017-11-02 17:02:49:0332] | CInterfaceManager.cpp-L2846: delete one DataNode
[2017-11-02 17:02:49:0422] | CInterfaceManager.cpp-L2846: delete one DataNode
[2017-11-02 17:02:49:0506] | CInterfaceManager.cpp-L2846: delete one DataNode
[2017-11-02 17:02:49:0556] | CInterfaceManager.cpp-L2846: delete one DataNode
[2017-11-02 17:02:49:0618] | CInterfaceManager.cpp-L2846: delete one DataNode
[2017-11-02 17:02:49:0672] | CInterfaceManager.cpp-L2846: delete one DataNode
[2017-11-02 17:02:49:0726] | CInterfaceManager.cpp-L2846: delete one DataNode
[2017-11-02 17:02:49:0799] | CInterfaceManager.cpp-L2846: delete one DataNode
[2017-11-02 17:02:49:0877] | CInterfaceManager.cpp-L2846: delete one DataNode
[2017-11-02 17:02:49:0931] | CInterfaceManager.cpp-L2846: delete one DataNode
[2017-11-02 17:02:49:0994] | CInterfaceManager.cpp-L2846: delete one DataNode
[2017-11-02 17:02:50:0060] | CInterfaceManager.cpp-L2846: delete one DataNode
[2017-11-02 17:02:50:0133] | CInterfaceManager.cpp-L2846: delete one DataNode
[2017-11-02 17:02:50:0216] | CInterfaceManager.cpp-L2846: delete one DataNode
[2017-11-02 17:02:50:0271] | CInterfaceManager.cpp-L2846: delete one DataNode
[2017-11-02 17:02:50:0330] | CInterfaceManager.cpp-L2846: delete one DataNode
[2017-11-02 17:02:50:0397] | CInterfaceManager.cpp-L2846: delete one DataNode
[2017-11-02 17:02:50:0459] | CInterfaceManager.cpp-L2846: delete one DataNode
[2017-11-02 17:02:50:0530] | CInterfaceManager.cpp-L2846: delete one DataNode
[2017-11-02 17:02:50:0598] | CInterfaceManager.cpp-L2846: delete one DataNode
[2017-11-02 17:02:50:0659] | CInterfaceManager.cpp-L2846: delete one DataNode
[2017-11-02 17:02:50:0730] | CInterfaceManager.cpp-L2846: delete one DataNode
[2017-11-02 17:02:50:0792] | CInterfaceManager.cpp-L2846: delete one DataNode
[2017-11-02 17:02:50:0871] | CInterfaceManager.cpp-L2846: delete one DataNode
[2017-11-02 17:02:50:0930] | CInterfaceManager.cpp-L2846: delete one DataNode
[2017-11-02 17:02:50:0998] | CInterfaceManager.cpp-L2846: delete one DataNode
[2017-11-02 17:02:51:0059] | CInterfaceManager.cpp-L2846: delete one DataNode
[2017-11-02 17:02:51:0126] | CInterfaceManager.cpp-L2846: delete one DataNode
[2017-11-02 17:02:51:0198] | CInterfaceManager.cpp-L2846: delete one DataNode
[2017-11-02 17:02:51:0265] | CInterfaceManager.cpp-L2846: delete one DataNode
[2017-11-02 17:02:51:0326] | CInterfaceManager.cpp-L2846: delete one DataNode
[2017-11-02 17:02:51:0393] | CInterfaceManager.cpp-L2846: delete one DataNode
[2017-11-02 17:02:51:0459] | CInterfaceManager.cpp-L2846: delete one DataNode
[2017-11-02 17:02:51:0536] | CInterfaceManager.cpp-L2846: delete one DataNode
[2017-11-02 17:02:51:0592] | CInterfaceManager.cpp-L2846: delete one DataNode
[2017-11-02 17:02:51:0659] | CInterfaceManager.cpp-L2846: delete one DataNode
[2017-11-02 17:02:51:0726] | CInterfaceManager.cpp-L2846: delete one DataNode
[2017-11-02 17:02:51:0798] | CInterfaceManager.cpp-L2846: delete one DataNode
[2017-11-02 17:02:51:0858] | CInterfaceManager.cpp-L2846: delete one DataNode
[2017-11-02 17:02:51:0936] | CInterfaceManager.cpp-L2846: delete one DataNode
[2017-11-02 17:02:51:0992] | CInterfaceManager.cpp-L2846: delete one DataNode
[2017-11-02 17:02:52:0082] | CInterfaceManager.cpp-L2846: delete one DataNode
[2017-11-02 17:02:52:0136] | CInterfaceManager.cpp-L2846: delete one DataNode
[2017-11-02 17:02:52:0196] | CInterfaceManager.cpp-L2846: delete one DataNode
[2017-11-02 17:02:52:0263] | CInterfaceManager.cpp-L2846: delete one DataNode
[2017-11-02 17:02:52:0328] | CInterfaceManager.cpp-L2846: delete one DataNode
[2017-11-02 17:02:52:0395] | CInterfaceManager.cpp-L2846: delete one DataNode
[2017-11-02 17:02:52:0463] | CInterfaceManager.cpp-L2846: delete one DataNode
[2017-11-02 17:02:52:0539] | CInterfaceManager.cpp-L2846: delete one DataNode
[2017-11-02 17:02:52:0594] | CInterfaceManager.cpp-L2846: delete one DataNode
[2017-11-02 17:02:52:0666] | CInterfaceManager.cpp-L2846: delete one DataNode
[2017-11-02 17:02:52:0725] | CInterfaceManager.cpp-L2846: delete one DataNode
[2017-11-02 17:02:52:0817] | CInterfaceManager.cpp-L2846: delete one DataNode
[2017-11-02 17:02:52:0871] | CInterfaceManager.cpp-L2846: delete one DataNode
[2017-11-02 17:02:52:0926] | CInterfaceManager.cpp-L2846: delete one DataNode
[2017-11-02 17:02:53:0009] | CInterfaceManager.cpp-L2846: delete one DataNode
[2017-11-02 17:02:53:0076] | CInterfaceManager.cpp-L2846: delete one DataNode
[2017-11-02 17:02:53:0130] | CInterfaceManager.cpp-L2846: delete one DataNode
[2017-11-02 17:02:53:0196] | CInterfaceManager.cpp-L2846: delete one DataNode
[2017-11-02 17:02:53:0298] | CInterfaceManager.cpp-L2846: delete one DataNode
[2017-11-02 17:02:53:0388] | CInterfaceManager.cpp-L2846: delete one DataNode
[2017-11-02 17:02:53:0442] | CInterfaceManager.cpp-L2846: delete one DataNode
[2017-11-02 17:02:53:0491] | CInterfaceManager.cpp-L2846: delete one DataNode
[2017-11-02 17:02:53:0546] | CInterfaceManager.cpp-L2846: delete one DataNode
[2017-11-02 17:02:53:0631] | CInterfaceManager.cpp-L2846: delete one DataNode
[2017-11-02 17:02:53:0698] | CInterfaceManager.cpp-L2846: delete one DataNode
[2017-11-02 17:02:53:0771] | CInterfaceManager.cpp-L2846: delete one DataNode
[2017-11-02 17:02:53:0836] | CInterfaceManager.cpp-L2846: delete one DataNode
[2017-11-02 17:02:53:0901] | CInterfaceManager.cpp-L2846: delete one DataNode
[2017-11-02 17:02:53:0956] | CInterfaceManager.cpp-L2846: delete one DataNode
[2017-11-02 17:02:54:0028] | CInterfaceManager.cpp-L2846: delete one DataNode
[2017-11-02 17:02:54:0077] | CInterfaceManager.cpp-L2846: delete one DataNode
[2017-11-02 17:02:54:0132] | CInterfaceManager.cpp-L2846: delete one DataNode
[2017-11-02 17:02:54:0193] | CInterfaceManager.cpp-L2846: delete one DataNode
[2017-11-02 17:02:54:0295] | CInterfaceManager.cpp-L2846: delete one DataNode
[2017-11-02 17:02:54:0350] | CInterfaceManager.cpp-L2846: delete one DataNode
[2017-11-02 17:02:54:0427] | CInterfaceManager.cpp-L2846: delete one DataNode
[2017-11-02 17:02:54:0483] | CInterfaceManager.cpp-L2846: delete one DataNode
[2017-11-02 17:02:54:0550] | CInterfaceManager.cpp-L2846: delete one DataNode
[2017-11-02 17:02:54:0621] | CInterfaceManager.cpp-L2846: delete one DataNode
[2017-11-02 17:02:54:0711] | CInterfaceManager.cpp-L2846: delete one DataNode
[2017-11-02 17:02:54:0773] | CInterfaceManager.cpp-L2846: delete one DataNode
[2017-11-02 17:02:54:0828] | CInterfaceManager.cpp-L2846: delete one DataNode
[2017-11-02 17:02:54:0883] | CInterfaceManager.cpp-L2846: delete one DataNode
[2017-11-02 17:02:54:0949] | CInterfaceManager.cpp-L2846: delete one DataNode
[2017-11-02 17:02:55:0003] | CInterfaceManager.cpp-L2846: delete one DataNode
[2017-11-02 17:02:55:0070] | CInterfaceManager.cpp-L2846: delete one DataNode
[2017-11-02 17:02:55:0135] | CInterfaceManager.cpp-L2846: delete one DataNode
[2017-11-02 17:02:55:0190] | CInterfaceManager.cpp-L2846: delete one DataNode
[2017-11-02 17:02:55:0286] | CInterfaceManager.cpp-L2846: delete one DataNode
[2017-11-02 17:02:55:0333] | CInterfaceManager.cpp-L2846: delete one DataNode
[2017-11-02 17:02:55:0388] | CInterfaceManager.cpp-L2846: delete one DataNode
[2017-11-02 17:02:55:0478] | CInterfaceManager.cpp-L2846: delete one DataNode
[2017-11-02 17:02:55:0527] | CInterfaceManager.cpp-L2846: delete one DataNode
[2017-11-02 17:02:55:0588] | CInterfaceManager.cpp-L2846: delete one DataNode
[2017-11-02 17:02:55:0678] | CInterfaceManager.cpp-L2846: delete one DataNode
[2017-11-02 17:02:55:0738] | CInterfaceManager.cpp-L2846: delete one DataNode
[2017-11-02 17:02:55:0815] | CInterfaceManager.cpp-L2846: delete one DataNode
[2017-11-02 17:02:55:0876] | CInterfaceManager.cpp-L2846: delete one DataNode
[2017-11-02 17:02:55:0935] | CInterfaceManager.cpp-L2846: delete one DataNode
[2017-11-02 17:02:55:0989] | CInterfaceManager.cpp-L2846: delete one DataNode
[2017-11-02 17:02:56:0056] | CInterfaceManager.cpp-L2846: delete one DataNode
[2017-11-02 17:02:56:0121] | CInterfaceManager.cpp-L2846: delete one DataNode
[2017-11-02 17:02:56:0234] | CInterfaceManager.cpp-L2846: delete one DataNode
[2017-11-02 17:02:56:0289] | CInterfaceManager.cpp-L2846: delete one DataNode
[2017-11-02 17:02:56:0366] | CInterfaceManager.cpp-L2846: delete one DataNode
[2017-11-02 17:02:56:0431] | CInterfaceManager.cpp-L2846: delete one DataNode
[2017-11-02 17:02:56:0487] | CInterfaceManager.cpp-L2846: delete one DataNode
[2017-11-02 17:02:56:0541] | CInterfaceManager.cpp-L2846: delete one DataNode
[2017-11-02 17:02:56:0601] | CInterfaceManager.cpp-L2846: delete one DataNode
[2017-11-02 17:02:56:0667] | CInterfaceManager.cpp-L2846: delete one DataNode
[2017-11-02 17:02:56:0722] | CInterfaceManager.cpp-L2846: delete one DataNode
[2017-11-02 17:02:56:0811] | CInterfaceManager.cpp-L2846: delete one DataNode
[2017-11-02 17:02:56:0860] | CInterfaceManager.cpp-L2846: delete one DataNode
[2017-11-02 17:02:56:0944] | CInterfaceManager.cpp-L2846: delete one DataNode
[2017-11-02 17:02:56:0999] | CInterfaceManager.cpp-L2846: delete one DataNode
[2017-11-02 17:02:57:0083] | CInterfaceManager.cpp-L2846: delete one DataNode
[2017-11-02 17:02:57:0144] | CInterfaceManager.cpp-L2846: delete one DataNode
[2017-11-02 17:02:57:0200] | CInterfaceManager.cpp-L2846: delete one DataNode
[2017-11-02 17:02:57:0255] | CInterfaceManager.cpp-L2846: delete one DataNode
[2017-11-02 17:02:57:0321] | CInterfaceManager.cpp-L2846: delete one DataNode
[2017-11-02 17:02:57:0387] | CInterfaceManager.cpp-L2846: delete one DataNode
[2017-11-02 17:02:57:0453] | CInterfaceManager.cpp-L2846: delete one DataNode
[2017-11-02 17:02:57:0536] | CInterfaceManager.cpp-L2846: delete one DataNode
[2017-11-02 17:02:57:0591] | CInterfaceManager.cpp-L2846: delete one DataNode
[2017-11-02 17:02:57:0652] | CInterfaceManager.cpp-L2846: delete one DataNode
[2017-11-02 17:02:57:0717] | CInterfaceManager.cpp-L2846: delete one DataNode
[2017-11-02 17:02:57:0796] | CInterfaceManager.cpp-L2846: delete one DataNode
[2017-11-02 17:02:57:0852] | CInterfaceManager.cpp-L2846: delete one DataNode
[2017-11-02 17:02:57:0929] | CInterfaceManager.cpp-L2846: delete one DataNode
[2017-11-02 17:02:57:0984] | CInterfaceManager.cpp-L2846: delete one DataNode
[2017-11-02 17:02:58:0056] | CInterfaceManager.cpp-L2846: delete one DataNode
[2017-11-02 17:02:58:0133] | CInterfaceManager.cpp-L2846: delete one DataNode
[2017-11-02 17:02:58:0188] | CInterfaceManager.cpp-L2846: delete one DataNode
[2017-11-02 17:02:58:0253] | CInterfaceManager.cpp-L2846: delete one DataNode
[2017-11-02 17:02:58:0319] | CInterfaceManager.cpp-L2846: delete one DataNode
[2017-11-02 17:02:58:0386] | CInterfaceManager.cpp-L2846: delete one DataNode
[2017-11-02 17:02:58:0458] | CInterfaceManager.cpp-L2846: delete one DataNode
[2017-11-02 17:02:58:0524] | CInterfaceManager.cpp-L2846: delete one DataNode
[2017-11-02 17:02:58:0596] | CInterfaceManager.cpp-L2846: delete one DataNode
[2017-11-02 17:02:58:0651] | CInterfaceManager.cpp-L2846: delete one DataNode
[2017-11-02 17:02:58:0717] | CInterfaceManager.cpp-L2846: delete one DataNode
[2017-11-02 17:02:58:0789] | CInterfaceManager.cpp-L2846: delete one DataNode
[2017-11-02 17:02:58:0873] | CInterfaceManager.cpp-L2846: delete one DataNode
[2017-11-02 17:02:58:0949] | CInterfaceManager.cpp-L2846: delete one DataNode
[2017-11-02 17:02:59:0003] | CInterfaceManager.cpp-L2846: delete one DataNode
[2017-11-02 17:02:59:0058] | CInterfaceManager.cpp-L2846: delete one DataNode
[2017-11-02 17:02:59:0129] | CInterfaceManager.cpp-L2846: delete one DataNode
[2017-11-02 17:02:59:0190] | CInterfaceManager.cpp-L2846: delete one DataNode
[2017-11-02 17:02:59:0262] | CInterfaceManager.cpp-L2846: delete one DataNode
[2017-11-02 17:02:59:0328] | CInterfaceManager.cpp-L2846: delete one DataNode
[2017-11-02 17:02:59:0389] | CInterfaceManager.cpp-L2846: delete one DataNode
[2017-11-02 17:02:59:0450] | CInterfaceManager.cpp-L2846: delete one DataNode
[2017-11-02 17:02:59:0537] | CInterfaceManager.cpp-L2846: delete one DataNode
[2017-11-02 17:02:59:0643] | CInterfaceManager.cpp-L2846: delete one DataNode
[2017-11-02 17:02:59:0708] | CInterfaceManager.cpp-L2846: delete one DataNode
[2017-11-02 17:02:59:0769] | CInterfaceManager.cpp-L2846: delete one DataNode
[2017-11-02 17:02:59:0841] | CInterfaceManager.cpp-L2846: delete one DataNode
[2017-11-02 17:02:59:0897] | CInterfaceManager.cpp-L2846: delete one DataNode
[2017-11-02 17:02:59:0953] | CInterfaceManager.cpp-L2846: delete one DataNode
[2017-11-02 17:03:00:0012] | CInterfaceManager.cpp-L2846: delete one DataNode
[2017-11-02 17:03:00:0073] | CInterfaceManager.cpp-L2846: delete one DataNode
[2017-11-02 17:03:00:0138] | CInterfaceManager.cpp-L2846: delete one DataNode
[2017-11-02 17:03:00:0198] | CInterfaceManager.cpp-L2846: delete one DataNode
[2017-11-02 17:03:00:0253] | CInterfaceManager.cpp-L2846: delete one DataNode
[2017-11-02 17:03:00:0337] | CInterfaceManager.cpp-L2846: delete one DataNode
[2017-11-02 17:03:00:0397] | CInterfaceManager.cpp-L2846: delete one DataNode
[2017-11-02 17:03:00:0459] | CInterfaceManager.cpp-L2846: delete one DataNode
[2017-11-02 17:03:00:0562] | CInterfaceManager.cpp-L2846: delete one DataNode
[2017-11-02 17:03:00:0610] | CInterfaceManager.cpp-L2846: delete one DataNode
[2017-11-02 17:03:00:0677] | CInterfaceManager.cpp-L2846: delete one DataNode
[2017-11-02 17:03:00:0731] | CInterfaceManager.cpp-L2846: delete one DataNode
[2017-11-02 17:03:00:0798] | CInterfaceManager.cpp-L2846: delete one DataNode
[2017-11-02 17:03:00:0865] | CInterfaceManager.cpp-L2846: delete one DataNode
[2017-11-02 17:03:00:0921] | CInterfaceManager.cpp-L2846: delete one DataNode
[2017-11-02 17:03:01:0027] | CInterfaceManager.cpp-L2846: delete one DataNode
[2017-11-02 17:03:01:0084] | CInterfaceManager.cpp-L2846: delete one DataNode
[2017-11-02 17:03:01:0147] | CInterfaceManager.cpp-L2846: delete one DataNode
[2017-11-02 17:03:01:0207] | CInterfaceManager.cpp-L2846: delete one DataNode
[2017-11-02 17:03:01:0263] | CInterfaceManager.cpp-L2846: delete one DataNode
[2017-11-02 17:03:01:0340] | CInterfaceManager.cpp-L2846: delete one DataNode
[2017-11-02 17:03:01:0395] | CInterfaceManager.cpp-L2846: delete one DataNode
[2017-11-02 17:03:01:0450] | CInterfaceManager.cpp-L2846: delete one DataNode
[2017-11-02 17:03:01:0522] | CInterfaceManager.cpp-L2846: delete one DataNode
[2017-11-02 17:03:01:0589] | CInterfaceManager.cpp-L2846: delete one DataNode
[2017-11-02 17:03:01:0661] | CInterfaceManager.cpp-L2846: delete one DataNode
[2017-11-02 17:03:01:0716] | CInterfaceManager.cpp-L2846: delete one DataNode
[2017-11-02 17:03:01:0793] | CInterfaceManager.cpp-L2846: delete one DataNode
[2017-11-02 17:03:01:0861] | CInterfaceManager.cpp-L2846: delete one DataNode
[2017-11-02 17:03:01:0915] | CInterfaceManager.cpp-L2846: delete one DataNode
[2017-11-02 17:03:02:0005] | CInterfaceManager.cpp-L2846: delete one DataNode
[2017-11-02 17:03:02:0060] | CInterfaceManager.cpp-L2846: delete one DataNode
[2017-11-02 17:03:02:0114] | CInterfaceManager.cpp-L2846: delete one DataNode
[2017-11-02 17:03:02:0187] | CInterfaceManager.cpp-L2846: delete one DataNode
[2017-11-02 17:03:02:0248] | CInterfaceManager.cpp-L2846: delete one DataNode
[2017-11-02 17:03:02:0459] | CInterfaceManager.cpp-L0645: getfcnt [350], getfcntsucceed[250], totalRecv[585] 
[2017-11-02 17:03:02:0463] | CInterfaceManager.cpp-L2673: RecvThreadProcess exit
