[2017-11-02 15:49:37:0630] | CInterfaceManager.cpp-L3028: CamCtrl[2000001], GigE SDKVersion(1020001), DriverVersion(0)
[2017-11-02 15:49:39:0014] |         XmlParse.cpp-L2051: GetNodeValue [ResultingFrameRate], Unknow Exception
[2017-11-02 15:49:40:0140] | CInterfaceManager.cpp-L2846: delete one DataNode
[2017-11-02 15:49:40:0205] | CInterfaceManager.cpp-L2846: delete one DataNode
[2017-11-02 15:49:40:0359] | CInterfaceManager.cpp-L2846: delete one DataNode
[2017-11-02 15:49:40:0413] | CInterfaceManager.cpp-L2846: delete one DataNode
[2017-11-02 15:49:40:0535] | CInterfaceManager.cpp-L2846: delete one DataNode
[2017-11-02 15:49:40:0609] | CInterfaceManager.cpp-L2846: delete one DataNode
[2017-11-02 15:49:40:0738] | CInterfaceManager.cpp-L2846: delete one DataNode
[2017-11-02 15:49:40:0806] | CInterfaceManager.cpp-L2846: delete one DataNode
[2017-11-02 15:49:40:0939] | CInterfaceManager.cpp-L2846: delete one DataNode
[2017-11-02 15:49:41:0001] | CInterfaceManager.cpp-L2846: delete one DataNode
[2017-11-02 15:49:41:0139] | CInterfaceManager.cpp-L2846: delete one DataNode
[2017-11-02 15:49:41:0204] | CInterfaceManager.cpp-L2846: delete one DataNode
[2017-11-02 15:49:41:0337] | CInterfaceManager.cpp-L2846: delete one DataNode
[2017-11-02 15:49:41:0404] | CInterfaceManager.cpp-L2846: delete one DataNode
[2017-11-02 15:49:41:0531] | CInterfaceManager.cpp-L2846: delete one DataNode
[2017-11-02 15:49:41:0603] | CInterfaceManager.cpp-L2846: delete one DataNode
[2017-11-02 15:49:41:0741] | CInterfaceManager.cpp-L2846: delete one DataNode
[2017-11-02 15:49:41:0802] | CInterfaceManager.cpp-L2846: delete one DataNode
[2017-11-02 15:49:41:0939] | CInterfaceManager.cpp-L2846: delete one DataNode
[2017-11-02 15:49:42:0001] | CInterfaceManager.cpp-L2846: delete one DataNode
[2017-11-02 15:49:42:0132] | CInterfaceManager.cpp-L2846: delete one DataNode
[2017-11-02 15:49:42:0203] | CInterfaceManager.cpp-L2846: delete one DataNode
[2017-11-02 15:49:42:0334] | CInterfaceManager.cpp-L2846: delete one DataNode
[2017-11-02 15:49:42:0404] | CInterfaceManager.cpp-L2846: delete one DataNode
[2017-11-02 15:49:42:0534] | CInterfaceManager.cpp-L2846: delete one DataNode
[2017-11-02 15:49:42:0600] | CInterfaceManager.cpp-L2846: delete one DataNode
[2017-11-02 15:49:42:0664] | CInterfaceManager.cpp-L2846: delete one DataNode
[2017-11-02 15:49:42:0797] | CInterfaceManager.cpp-L2846: delete one DataNode
[2017-11-02 15:49:42:0869] | CInterfaceManager.cpp-L2846: delete one DataNode
[2017-11-02 15:49:43:0001] | CInterfaceManager.cpp-L2846: delete one DataNode
[2017-11-02 15:49:43:0144] | CInterfaceManager.cpp-L2846: delete one DataNode
[2017-11-02 15:49:43:0199] | CInterfaceManager.cpp-L2846: delete one DataNode
[2017-11-02 15:49:43:0265] | CInterfaceManager.cpp-L2846: delete one DataNode
[2017-11-02 15:49:43:0414] | CInterfaceManager.cpp-L2846: delete one DataNode
[2017-11-02 15:49:43:0467] | CInterfaceManager.cpp-L2846: delete one DataNode
[2017-11-02 15:49:43:0614] | CInterfaceManager.cpp-L2846: delete one DataNode
[2017-11-02 15:49:43:0666] | CInterfaceManager.cpp-L2846: delete one DataNode
[2017-11-02 15:49:43:0796] | CInterfaceManager.cpp-L2846: delete one DataNode
[2017-11-02 15:49:43:0867] | CInterfaceManager.cpp-L2846: delete one DataNode
[2017-11-02 15:49:44:0015] | CInterfaceManager.cpp-L2846: delete one DataNode
[2017-11-02 15:49:44:0067] | CInterfaceManager.cpp-L2846: delete one DataNode
[2017-11-02 15:49:44:0227] | CInterfaceManager.cpp-L2846: delete one DataNode
[2017-11-02 15:49:44:0282] | CInterfaceManager.cpp-L2846: delete one DataNode
[2017-11-02 15:49:44:0403] | CInterfaceManager.cpp-L2846: delete one DataNode
[2017-11-02 15:49:44:0462] | CInterfaceManager.cpp-L2846: delete one DataNode
[2017-11-02 15:49:44:0598] | CInterfaceManager.cpp-L2846: delete one DataNode
[2017-11-02 15:49:44:0670] | CInterfaceManager.cpp-L2846: delete one DataNode
[2017-11-02 15:49:44:0797] | CInterfaceManager.cpp-L2846: delete one DataNode
[2017-11-02 15:49:44:0870] | CInterfaceManager.cpp-L2846: delete one DataNode
[2017-11-02 15:49:45:0000] | CInterfaceManager.cpp-L2846: delete one DataNode
[2017-11-02 15:49:45:0068] | CInterfaceManager.cpp-L2846: delete one DataNode
[2017-11-02 15:49:45:0196] | CInterfaceManager.cpp-L2846: delete one DataNode
[2017-11-02 15:49:45:0267] | CInterfaceManager.cpp-L2846: delete one DataNode
[2017-11-02 15:49:45:0395] | CInterfaceManager.cpp-L2846: delete one DataNode
[2017-11-02 15:49:45:0464] | CInterfaceManager.cpp-L2846: delete one DataNode
[2017-11-02 15:49:45:0597] | CInterfaceManager.cpp-L2846: delete one DataNode
[2017-11-02 15:49:45:0664] | CInterfaceManager.cpp-L2846: delete one DataNode
[2017-11-02 15:49:45:0889] | CInterfaceManager.cpp-L2846: delete one DataNode
[2017-11-02 15:49:45:0992] | CInterfaceManager.cpp-L2846: delete one DataNode
[2017-11-02 15:49:46:0065] | CInterfaceManager.cpp-L2846: delete one DataNode
[2017-11-02 15:49:46:0199] | CInterfaceManager.cpp-L2846: delete one DataNode
[2017-11-02 15:49:46:0265] | CInterfaceManager.cpp-L2846: delete one DataNode
[2017-11-02 15:49:46:0398] | CInterfaceManager.cpp-L2846: delete one DataNode
[2017-11-02 15:49:46:0465] | CInterfaceManager.cpp-L2846: delete one DataNode
[2017-11-02 15:49:46:0597] | CInterfaceManager.cpp-L2846: delete one DataNode
[2017-11-02 15:49:46:0667] | CInterfaceManager.cpp-L2846: delete one DataNode
[2017-11-02 15:49:46:0797] | CInterfaceManager.cpp-L2846: delete one DataNode
[2017-11-02 15:49:46:0869] | CInterfaceManager.cpp-L2846: delete one DataNode
[2017-11-02 15:49:46:0994] | CInterfaceManager.cpp-L2846: delete one DataNode
[2017-11-02 15:49:47:0061] | CInterfaceManager.cpp-L2846: delete one DataNode
[2017-11-02 15:49:47:0194] | CInterfaceManager.cpp-L2846: delete one DataNode
[2017-11-02 15:49:47:0285] | CInterfaceManager.cpp-L2846: delete one DataNode
[2017-11-02 15:49:47:0401] | CInterfaceManager.cpp-L2846: delete one DataNode
[2017-11-02 15:49:47:0459] | CInterfaceManager.cpp-L2846: delete one DataNode
[2017-11-02 15:49:47:0533] | CInterfaceManager.cpp-L2846: delete one DataNode
[2017-11-02 15:49:47:0664] | CInterfaceManager.cpp-L2846: delete one DataNode
[2017-11-02 15:49:47:0726] | CInterfaceManager.cpp-L2846: delete one DataNode
[2017-11-02 15:49:47:0864] | CInterfaceManager.cpp-L2846: delete one DataNode
[2017-11-02 15:49:47:0932] | CInterfaceManager.cpp-L2846: delete one DataNode
[2017-11-02 15:49:48:0065] | CInterfaceManager.cpp-L2846: delete one DataNode
[2017-11-02 15:49:48:0127] | CInterfaceManager.cpp-L2846: delete one DataNode
[2017-11-02 15:49:48:0261] | CInterfaceManager.cpp-L2846: delete one DataNode
[2017-11-02 15:49:48:0328] | CInterfaceManager.cpp-L2846: delete one DataNode
[2017-11-02 15:49:48:0461] | CInterfaceManager.cpp-L2846: delete one DataNode
[2017-11-02 15:49:48:0525] | CInterfaceManager.cpp-L2846: delete one DataNode
[2017-11-02 15:49:48:0666] | CInterfaceManager.cpp-L2846: delete one DataNode
[2017-11-02 15:49:48:0728] | CInterfaceManager.cpp-L2846: delete one DataNode
[2017-11-02 15:49:48:0865] | CInterfaceManager.cpp-L2846: delete one DataNode
[2017-11-02 15:49:48:0929] | CInterfaceManager.cpp-L2846: delete one DataNode
[2017-11-02 15:49:49:0070] | CInterfaceManager.cpp-L2846: delete one DataNode
[2017-11-02 15:49:49:0263] | CInterfaceManager.cpp-L2846: delete one DataNode
[2017-11-02 15:49:49:0312] | CInterfaceManager.cpp-L2846: delete one DataNode
[2017-11-02 15:49:49:0463] | CInterfaceManager.cpp-L2846: delete one DataNode
[2017-11-02 15:49:49:0525] | CInterfaceManager.cpp-L2846: delete one DataNode
[2017-11-02 15:49:49:0660] | CInterfaceManager.cpp-L2846: delete one DataNode
[2017-11-02 15:49:49:0722] | CInterfaceManager.cpp-L2846: delete one DataNode
[2017-11-02 15:49:49:0902] | CInterfaceManager.cpp-L2846: delete one DataNode
[2017-11-02 15:49:49:0955] | CInterfaceManager.cpp-L2846: delete one DataNode
[2017-11-02 15:49:50:0069] | CInterfaceManager.cpp-L2846: delete one DataNode
[2017-11-02 15:49:50:0126] | CInterfaceManager.cpp-L2846: delete one DataNode
[2017-11-02 15:49:50:0263] | CInterfaceManager.cpp-L2846: delete one DataNode
[2017-11-02 15:49:50:0329] | CInterfaceManager.cpp-L2846: delete one DataNode
[2017-11-02 15:49:50:0466] | CInterfaceManager.cpp-L2846: delete one DataNode
[2017-11-02 15:49:50:0528] | CInterfaceManager.cpp-L2846: delete one DataNode
[2017-11-02 15:49:50:0668] | CInterfaceManager.cpp-L2846: delete one DataNode
[2017-11-02 15:49:50:0725] | CInterfaceManager.cpp-L2846: delete one DataNode
[2017-11-02 15:49:50:0860] | CInterfaceManager.cpp-L2846: delete one DataNode
[2017-11-02 15:49:51:0046] | CInterfaceManager.cpp-L2846: delete one DataNode
[2017-11-02 15:49:51:0108] | CInterfaceManager.cpp-L2846: delete one DataNode
[2017-11-02 15:49:51:0154] | CInterfaceManager.cpp-L2846: delete one DataNode
[2017-11-02 15:49:51:0264] | CInterfaceManager.cpp-L2846: delete one DataNode
[2017-11-02 15:49:51:0374] | CInterfaceManager.cpp-L2846: delete one DataNode
[2017-11-02 15:49:51:0514] | CInterfaceManager.cpp-L2846: delete one DataNode
[2017-11-02 15:49:51:0572] | CInterfaceManager.cpp-L2846: delete one DataNode
[2017-11-02 15:49:51:0743] | CInterfaceManager.cpp-L2846: delete one DataNode
[2017-11-02 15:49:51:0846] | CInterfaceManager.cpp-L2846: delete one DataNode
[2017-11-02 15:49:51:0925] | CInterfaceManager.cpp-L2846: delete one DataNode
[2017-11-02 15:49:52:0108] | CInterfaceManager.cpp-L2846: delete one DataNode
[2017-11-02 15:49:52:0163] | CInterfaceManager.cpp-L2846: delete one DataNode
[2017-11-02 15:49:52:0274] | CInterfaceManager.cpp-L2846: delete one DataNode
[2017-11-02 15:49:52:0335] | CInterfaceManager.cpp-L2846: delete one DataNode
[2017-11-02 15:49:52:0461] | CInterfaceManager.cpp-L2846: delete one DataNode
[2017-11-02 15:49:52:0523] | CInterfaceManager.cpp-L2846: delete one DataNode
[2017-11-02 15:49:52:0655] | CInterfaceManager.cpp-L2846: delete one DataNode
[2017-11-02 15:49:52:0728] | CInterfaceManager.cpp-L2846: delete one DataNode
[2017-11-02 15:49:52:0858] | CInterfaceManager.cpp-L2846: delete one DataNode
[2017-11-02 15:49:52:0929] | CInterfaceManager.cpp-L2846: delete one DataNode
[2017-11-02 15:49:52:0990] | CInterfaceManager.cpp-L2846: delete one DataNode
[2017-11-02 15:49:53:0128] | CInterfaceManager.cpp-L2846: delete one DataNode
[2017-11-02 15:49:53:0191] | CInterfaceManager.cpp-L2846: delete one DataNode
[2017-11-02 15:49:53:0328] | CInterfaceManager.cpp-L2846: delete one DataNode
[2017-11-02 15:49:53:0391] | CInterfaceManager.cpp-L2846: delete one DataNode
[2017-11-02 15:49:53:0519] | CInterfaceManager.cpp-L2846: delete one DataNode
[2017-11-02 15:49:53:0592] | CInterfaceManager.cpp-L2846: delete one DataNode
[2017-11-02 15:49:53:0727] | CInterfaceManager.cpp-L2846: delete one DataNode
[2017-11-02 15:49:53:0792] | CInterfaceManager.cpp-L2846: delete one DataNode
[2017-11-02 15:49:53:0921] | CInterfaceManager.cpp-L2846: delete one DataNode
[2017-11-02 15:49:53:0999] | CInterfaceManager.cpp-L2846: delete one DataNode
[2017-11-02 15:49:54:0123] | CInterfaceManager.cpp-L2846: delete one DataNode
[2017-11-02 15:49:54:0189] | CInterfaceManager.cpp-L2846: delete one DataNode
[2017-11-02 15:49:54:0323] | CInterfaceManager.cpp-L2846: delete one DataNode
[2017-11-02 15:49:54:0390] | CInterfaceManager.cpp-L2846: delete one DataNode
[2017-11-02 15:49:54:0522] | CInterfaceManager.cpp-L2846: delete one DataNode
[2017-11-02 15:49:54:0590] | CInterfaceManager.cpp-L2846: delete one DataNode
[2017-11-02 15:49:54:0721] | CInterfaceManager.cpp-L2846: delete one DataNode
[2017-11-02 15:49:54:0790] | CInterfaceManager.cpp-L2846: delete one DataNode
[2017-11-02 15:49:54:0925] | CInterfaceManager.cpp-L2846: delete one DataNode
[2017-11-02 15:49:55:0003] | CInterfaceManager.cpp-L2846: delete one DataNode
[2017-11-02 15:49:55:0121] | CInterfaceManager.cpp-L2846: delete one DataNode
[2017-11-02 15:49:55:0191] | CInterfaceManager.cpp-L2846: delete one DataNode
[2017-11-02 15:49:55:0320] | CInterfaceManager.cpp-L2846: delete one DataNode
[2017-11-02 15:49:55:0394] | CInterfaceManager.cpp-L2846: delete one DataNode
[2017-11-02 15:49:55:0520] | CInterfaceManager.cpp-L2846: delete one DataNode
[2017-11-02 15:49:55:0593] | CInterfaceManager.cpp-L2846: delete one DataNode
[2017-11-02 15:49:55:0722] | CInterfaceManager.cpp-L2846: delete one DataNode
[2017-11-02 15:49:55:0787] | CInterfaceManager.cpp-L2846: delete one DataNode
[2017-11-02 15:49:55:0925] | CInterfaceManager.cpp-L2846: delete one DataNode
[2017-11-02 15:49:55:0986] | CInterfaceManager.cpp-L2846: delete one DataNode
[2017-11-02 15:49:56:0122] | CInterfaceManager.cpp-L2846: delete one DataNode
[2017-11-02 15:49:56:0184] | CInterfaceManager.cpp-L2846: delete one DataNode
[2017-11-02 15:49:56:0595] | CInterfaceManager.cpp-L2846: delete one DataNode
[2017-11-02 15:49:56:0705] | CInterfaceManager.cpp-L2846: delete one DataNode
[2017-11-02 15:49:56:0760] | CInterfaceManager.cpp-L2846: delete one DataNode
[2017-11-02 15:49:56:0809] | CInterfaceManager.cpp-L2846: delete one DataNode
[2017-11-02 15:49:56:0921] | CInterfaceManager.cpp-L2846: delete one DataNode
[2017-11-02 15:49:56:0988] | CInterfaceManager.cpp-L2846: delete one DataNode
[2017-11-02 15:49:57:0127] | CInterfaceManager.cpp-L2846: delete one DataNode
[2017-11-02 15:49:57:0189] | CInterfaceManager.cpp-L2846: delete one DataNode
[2017-11-02 15:49:57:0318] | CInterfaceManager.cpp-L2846: delete one DataNode
[2017-11-02 15:49:57:0391] | CInterfaceManager.cpp-L2846: delete one DataNode
[2017-11-02 15:49:57:0520] | CInterfaceManager.cpp-L2846: delete one DataNode
[2017-11-02 15:49:57:0589] | CInterfaceManager.cpp-L2846: delete one DataNode
[2017-11-02 15:49:57:0649] | CInterfaceManager.cpp-L2846: delete one DataNode
[2017-11-02 15:49:57:0790] | CInterfaceManager.cpp-L2846: delete one DataNode
[2017-11-02 15:49:57:0851] | CInterfaceManager.cpp-L2846: delete one DataNode
[2017-11-02 15:49:57:0984] | CInterfaceManager.cpp-L2846: delete one DataNode
[2017-11-02 15:49:58:0053] | CInterfaceManager.cpp-L2846: delete one DataNode
[2017-11-02 15:49:58:0182] | CInterfaceManager.cpp-L2846: delete one DataNode
[2017-11-02 15:49:58:0254] | CInterfaceManager.cpp-L2846: delete one DataNode
[2017-11-02 15:49:58:0385] | CInterfaceManager.cpp-L2846: delete one DataNode
[2017-11-02 15:49:58:0577] | CInterfaceManager.cpp-L2846: delete one DataNode
[2017-11-02 15:49:58:0632] | CInterfaceManager.cpp-L2846: delete one DataNode
[2017-11-02 15:49:58:0745] | CInterfaceManager.cpp-L2846: delete one DataNode
[2017-11-02 15:49:58:0801] | CInterfaceManager.cpp-L2846: delete one DataNode
[2017-11-02 15:49:58:0964] | CInterfaceManager.cpp-L2846: delete one DataNode
[2017-11-02 15:49:59:0020] | CInterfaceManager.cpp-L2846: delete one DataNode
[2017-11-02 15:49:59:0078] | CInterfaceManager.cpp-L2846: delete one DataNode
[2017-11-02 15:49:59:0186] | CInterfaceManager.cpp-L2846: delete one DataNode
[2017-11-02 15:49:59:0251] | CInterfaceManager.cpp-L2846: delete one DataNode
[2017-11-02 15:49:59:0384] | CInterfaceManager.cpp-L2846: delete one DataNode
[2017-11-02 15:49:59:0450] | CInterfaceManager.cpp-L2846: delete one DataNode
[2017-11-02 15:49:59:0588] | CInterfaceManager.cpp-L2846: delete one DataNode
[2017-11-02 15:49:59:0654] | CInterfaceManager.cpp-L2846: delete one DataNode
[2017-11-02 15:49:59:0786] | CInterfaceManager.cpp-L2846: delete one DataNode
[2017-11-02 15:49:59:0852] | CInterfaceManager.cpp-L2846: delete one DataNode
[2017-11-02 15:49:59:0980] | CInterfaceManager.cpp-L2846: delete one DataNode
[2017-11-02 15:50:00:0055] | CInterfaceManager.cpp-L2846: delete one DataNode
[2017-11-02 15:50:00:0181] | CInterfaceManager.cpp-L2846: delete one DataNode
[2017-11-02 15:50:00:0254] | CInterfaceManager.cpp-L2846: delete one DataNode
[2017-11-02 15:50:00:0385] | CInterfaceManager.cpp-L2846: delete one DataNode
[2017-11-02 15:50:00:0454] | CInterfaceManager.cpp-L2846: delete one DataNode
[2017-11-02 15:50:00:0659] | CInterfaceManager.cpp-L2846: delete one DataNode
[2017-11-02 15:50:00:0771] | CInterfaceManager.cpp-L2846: delete one DataNode
[2017-11-02 15:50:00:0817] | CInterfaceManager.cpp-L2846: delete one DataNode
[2017-11-02 15:50:00:0877] | CInterfaceManager.cpp-L2846: delete one DataNode
[2017-11-02 15:50:00:0988] | CInterfaceManager.cpp-L2846: delete one DataNode
[2017-11-02 15:50:01:0050] | CInterfaceManager.cpp-L2846: delete one DataNode
[2017-11-02 15:50:01:0181] | CInterfaceManager.cpp-L2846: delete one DataNode
[2017-11-02 15:50:01:0247] | CInterfaceManager.cpp-L2846: delete one DataNode
[2017-11-02 15:50:01:0382] | CInterfaceManager.cpp-L2846: delete one DataNode
[2017-11-02 15:50:01:0455] | CInterfaceManager.cpp-L2846: delete one DataNode
[2017-11-02 15:50:01:0588] | CInterfaceManager.cpp-L2846: delete one DataNode
[2017-11-02 15:50:01:0649] | CInterfaceManager.cpp-L2846: delete one DataNode
[2017-11-02 15:50:01:0717] | CInterfaceManager.cpp-L2846: delete one DataNode
[2017-11-02 15:50:01:0852] | CInterfaceManager.cpp-L2846: delete one DataNode
[2017-11-02 15:50:01:0914] | CInterfaceManager.cpp-L2846: delete one DataNode
[2017-11-02 15:50:02:0047] | CInterfaceManager.cpp-L2846: delete one DataNode
[2017-11-02 15:50:02:0114] | CInterfaceManager.cpp-L2846: delete one DataNode
[2017-11-02 15:50:02:0246] | CInterfaceManager.cpp-L2846: delete one DataNode
[2017-11-02 15:50:02:0317] | CInterfaceManager.cpp-L2846: delete one DataNode
[2017-11-02 15:50:02:0449] | CInterfaceManager.cpp-L2846: delete one DataNode
[2017-11-02 15:50:02:0653] | CInterfaceManager.cpp-L2846: delete one DataNode
[2017-11-02 15:50:02:0702] | CInterfaceManager.cpp-L2846: delete one DataNode
[2017-11-02 15:50:02:0849] | CInterfaceManager.cpp-L2846: delete one DataNode
[2017-11-02 15:50:02:0913] | CInterfaceManager.cpp-L2846: delete one DataNode
[2017-11-02 15:50:03:0049] | CInterfaceManager.cpp-L2846: delete one DataNode
[2017-11-02 15:50:03:0116] | CInterfaceManager.cpp-L2846: delete one DataNode
[2017-11-02 15:50:03:0244] | CInterfaceManager.cpp-L2846: delete one DataNode
[2017-11-02 15:50:03:0311] | CInterfaceManager.cpp-L2846: delete one DataNode
[2017-11-02 15:50:03:0449] | CInterfaceManager.cpp-L2846: delete one DataNode
[2017-11-02 15:50:03:0512] | CInterfaceManager.cpp-L2846: delete one DataNode
[2017-11-02 15:50:03:0648] | CInterfaceManager.cpp-L2846: delete one DataNode
[2017-11-02 15:50:03:0711] | CInterfaceManager.cpp-L2846: delete one DataNode
[2017-11-02 15:50:03:0849] | CInterfaceManager.cpp-L2846: delete one DataNode
[2017-11-02 15:50:03:0917] | CInterfaceManager.cpp-L2846: delete one DataNode
[2017-11-02 15:50:04:0045] | CInterfaceManager.cpp-L2846: delete one DataNode
[2017-11-02 15:50:04:0112] | CInterfaceManager.cpp-L2846: delete one DataNode
[2017-11-02 15:50:04:0251] | CInterfaceManager.cpp-L2846: delete one DataNode
[2017-11-02 15:50:04:0314] | CInterfaceManager.cpp-L2846: delete one DataNode
[2017-11-02 15:50:04:0442] | CInterfaceManager.cpp-L2846: delete one DataNode
[2017-11-02 15:50:04:0516] | CInterfaceManager.cpp-L2846: delete one DataNode
[2017-11-02 15:50:04:0643] | CInterfaceManager.cpp-L2846: delete one DataNode
[2017-11-02 15:50:04:0722] | CInterfaceManager.cpp-L2846: delete one DataNode
[2017-11-02 15:50:04:0849] | CInterfaceManager.cpp-L2846: delete one DataNode
[2017-11-02 15:50:04:0911] | CInterfaceManager.cpp-L2846: delete one DataNode
[2017-11-02 15:50:05:0046] | CInterfaceManager.cpp-L2846: delete one DataNode
[2017-11-02 15:50:05:0115] | CInterfaceManager.cpp-L2846: delete one DataNode
[2017-11-02 15:50:05:0246] | CInterfaceManager.cpp-L2846: delete one DataNode
[2017-11-02 15:50:05:0316] | CInterfaceManager.cpp-L2846: delete one DataNode
[2017-11-02 15:50:05:0442] | CInterfaceManager.cpp-L2846: delete one DataNode
[2017-11-02 15:50:05:0510] | CInterfaceManager.cpp-L2846: delete one DataNode
[2017-11-02 15:50:05:0643] | CInterfaceManager.cpp-L2846: delete one DataNode
[2017-11-02 15:50:05:0711] | CInterfaceManager.cpp-L2846: delete one DataNode
[2017-11-02 15:50:05:0841] | CInterfaceManager.cpp-L2846: delete one DataNode
[2017-11-02 15:50:05:0908] | CInterfaceManager.cpp-L2846: delete one DataNode
[2017-11-02 15:50:06:0050] | CInterfaceManager.cpp-L2846: delete one DataNode
[2017-11-02 15:50:06:0115] | CInterfaceManager.cpp-L2846: delete one DataNode
[2017-11-02 15:50:06:0250] | CInterfaceManager.cpp-L2846: delete one DataNode
[2017-11-02 15:50:06:0310] | CInterfaceManager.cpp-L2846: delete one DataNode
[2017-11-02 15:50:06:0448] | CInterfaceManager.cpp-L2846: delete one DataNode
[2017-11-02 15:50:06:0508] | CInterfaceManager.cpp-L2846: delete one DataNode
[2017-11-02 15:50:06:0642] | CInterfaceManager.cpp-L2846: delete one DataNode
[2017-11-02 15:50:06:0713] | CInterfaceManager.cpp-L2846: delete one DataNode
[2017-11-02 15:50:06:0779] | CInterfaceManager.cpp-L2846: delete one DataNode
[2017-11-02 15:50:06:0913] | CInterfaceManager.cpp-L2846: delete one DataNode
[2017-11-02 15:50:06:0982] | CInterfaceManager.cpp-L2846: delete one DataNode
[2017-11-02 15:50:07:0110] | CInterfaceManager.cpp-L2846: delete one DataNode
[2017-11-02 15:50:07:0184] | CInterfaceManager.cpp-L2846: delete one DataNode
[2017-11-02 15:50:07:0308] | CInterfaceManager.cpp-L2846: delete one DataNode
[2017-11-02 15:50:07:0379] | CInterfaceManager.cpp-L2846: delete one DataNode
[2017-11-02 15:50:07:0509] | CInterfaceManager.cpp-L2846: delete one DataNode
[2017-11-02 15:50:07:0577] | CInterfaceManager.cpp-L2846: delete one DataNode
[2017-11-02 15:50:07:0707] | CInterfaceManager.cpp-L2846: delete one DataNode
[2017-11-02 15:50:07:0775] | CInterfaceManager.cpp-L2846: delete one DataNode
[2017-11-02 15:50:07:0912] | CInterfaceManager.cpp-L2846: delete one DataNode
[2017-11-02 15:50:07:0975] | CInterfaceManager.cpp-L2846: delete one DataNode
[2017-11-02 15:50:08:0109] | CInterfaceManager.cpp-L2846: delete one DataNode
[2017-11-02 15:50:08:0176] | CInterfaceManager.cpp-L2846: delete one DataNode
[2017-11-02 15:50:08:0312] | CInterfaceManager.cpp-L2846: delete one DataNode
[2017-11-02 15:50:08:0374] | CInterfaceManager.cpp-L2846: delete one DataNode
[2017-11-02 15:50:08:0513] | CInterfaceManager.cpp-L2846: delete one DataNode
[2017-11-02 15:50:08:0575] | CInterfaceManager.cpp-L2846: delete one DataNode
[2017-11-02 15:50:08:0709] | CInterfaceManager.cpp-L2846: delete one DataNode
[2017-11-02 15:50:08:0776] | CInterfaceManager.cpp-L2846: delete one DataNode
[2017-11-02 15:50:08:0908] | CInterfaceManager.cpp-L2846: delete one DataNode
[2017-11-02 15:50:08:0980] | CInterfaceManager.cpp-L2846: delete one DataNode
[2017-11-02 15:50:09:0107] | CInterfaceManager.cpp-L2846: delete one DataNode
[2017-11-02 15:50:09:0173] | CInterfaceManager.cpp-L2846: delete one DataNode
[2017-11-02 15:50:09:0307] | CInterfaceManager.cpp-L2846: delete one DataNode
[2017-11-02 15:50:09:0379] | CInterfaceManager.cpp-L2846: delete one DataNode
[2017-11-02 15:50:09:0513] | CInterfaceManager.cpp-L2846: delete one DataNode
[2017-11-02 15:50:09:0576] | CInterfaceManager.cpp-L2846: delete one DataNode
[2017-11-02 15:50:09:0710] | CInterfaceManager.cpp-L2846: delete one DataNode
[2017-11-02 15:50:09:0773] | CInterfaceManager.cpp-L2846: delete one DataNode
[2017-11-02 15:50:09:0906] | CInterfaceManager.cpp-L2846: delete one DataNode
[2017-11-02 15:50:09:0972] | CInterfaceManager.cpp-L2846: delete one DataNode
[2017-11-02 15:50:10:0111] | CInterfaceManager.cpp-L2846: delete one DataNode
[2017-11-02 15:50:10:0172] | CInterfaceManager.cpp-L2846: delete one DataNode
[2017-11-02 15:50:10:0314] | CInterfaceManager.cpp-L2846: delete one DataNode
[2017-11-02 15:50:10:0373] | CInterfaceManager.cpp-L2846: delete one DataNode
[2017-11-02 15:50:10:0512] | CInterfaceManager.cpp-L2846: delete one DataNode
[2017-11-02 15:50:10:0577] | CInterfaceManager.cpp-L2846: delete one DataNode
[2017-11-02 15:50:10:0703] | CInterfaceManager.cpp-L2846: delete one DataNode
[2017-11-02 15:50:10:0778] | CInterfaceManager.cpp-L2846: delete one DataNode
[2017-11-02 15:50:10:0904] | CInterfaceManager.cpp-L2846: delete one DataNode
[2017-11-02 15:50:10:0981] | CInterfaceManager.cpp-L2846: delete one DataNode
[2017-11-02 15:50:11:0106] | CInterfaceManager.cpp-L2846: delete one DataNode
[2017-11-02 15:50:11:0202] | CInterfaceManager.cpp-L2846: delete one DataNode
[2017-11-02 15:50:11:0315] | CInterfaceManager.cpp-L2846: delete one DataNode
[2017-11-02 15:50:11:0370] | CInterfaceManager.cpp-L2846: delete one DataNode
[2017-11-02 15:50:11:0507] | CInterfaceManager.cpp-L2846: delete one DataNode
[2017-11-02 15:50:11:0575] | CInterfaceManager.cpp-L2846: delete one DataNode
[2017-11-02 15:50:11:0646] | CInterfaceManager.cpp-L2846: delete one DataNode
[2017-11-02 15:50:11:0775] | CInterfaceManager.cpp-L2846: delete one DataNode
[2017-11-02 15:50:11:0840] | CInterfaceManager.cpp-L2846: delete one DataNode
[2017-11-02 15:50:11:0973] | CInterfaceManager.cpp-L2846: delete one DataNode
[2017-11-02 15:50:12:0041] | CInterfaceManager.cpp-L2846: delete one DataNode
[2017-11-02 15:50:12:0174] | CInterfaceManager.cpp-L2846: delete one DataNode
[2017-11-02 15:50:12:0240] | CInterfaceManager.cpp-L2846: delete one DataNode
[2017-11-02 15:50:12:0372] | CInterfaceManager.cpp-L2846: delete one DataNode
[2017-11-02 15:50:12:0527] | CInterfaceManager.cpp-L2846: delete one DataNode
[2017-11-02 15:50:12:0576] | CInterfaceManager.cpp-L2846: delete one DataNode
[2017-11-02 15:50:12:0642] | CInterfaceManager.cpp-L2846: delete one DataNode
[2017-11-02 15:50:12:0774] | CInterfaceManager.cpp-L2846: delete one DataNode
[2017-11-02 15:50:12:0841] | CInterfaceManager.cpp-L2846: delete one DataNode
[2017-11-02 15:50:12:0976] | CInterfaceManager.cpp-L2846: delete one DataNode
[2017-11-02 15:50:13:0042] | CInterfaceManager.cpp-L2846: delete one DataNode
[2017-11-02 15:50:13:0168] | CInterfaceManager.cpp-L2846: delete one DataNode
[2017-11-02 15:50:13:0241] | CInterfaceManager.cpp-L2846: delete one DataNode
[2017-11-02 15:50:13:0370] | CInterfaceManager.cpp-L2846: delete one DataNode
[2017-11-02 15:50:13:0442] | CInterfaceManager.cpp-L2846: delete one DataNode
[2017-11-02 15:50:13:0582] | CInterfaceManager.cpp-L2846: delete one DataNode
[2017-11-02 15:50:13:0635] | CInterfaceManager.cpp-L2846: delete one DataNode
[2017-11-02 15:50:13:0771] | CInterfaceManager.cpp-L2846: delete one DataNode
[2017-11-02 15:50:13:0839] | CInterfaceManager.cpp-L2846: delete one DataNode
[2017-11-02 15:50:13:0968] | CInterfaceManager.cpp-L2846: delete one DataNode
[2017-11-02 15:50:14:0034] | CInterfaceManager.cpp-L2846: delete one DataNode
[2017-11-02 15:50:14:0168] | CInterfaceManager.cpp-L2846: delete one DataNode
[2017-11-02 15:50:14:0239] | CInterfaceManager.cpp-L2846: delete one DataNode
[2017-11-02 15:50:14:0374] | CInterfaceManager.cpp-L2846: delete one DataNode
[2017-11-02 15:50:14:0435] | CInterfaceManager.cpp-L2846: delete one DataNode
[2017-11-02 15:50:14:0570] | CInterfaceManager.cpp-L2846: delete one DataNode
[2017-11-02 15:50:14:0638] | CInterfaceManager.cpp-L2846: delete one DataNode
[2017-11-02 15:50:14:0767] | CInterfaceManager.cpp-L2846: delete one DataNode
[2017-11-02 15:50:14:0838] | CInterfaceManager.cpp-L2846: delete one DataNode
[2017-11-02 15:50:14:0978] | CInterfaceManager.cpp-L2846: delete one DataNode
[2017-11-02 15:50:15:0039] | CInterfaceManager.cpp-L2846: delete one DataNode
[2017-11-02 15:50:15:0100] | CInterfaceManager.cpp-L2846: delete one DataNode
[2017-11-02 15:50:15:0263] | CInterfaceManager.cpp-L2846: delete one DataNode
[2017-11-02 15:50:15:0371] | CInterfaceManager.cpp-L2846: delete one DataNode
[2017-11-02 15:50:15:0433] | CInterfaceManager.cpp-L2846: delete one DataNode
[2017-11-02 15:50:15:0500] | CInterfaceManager.cpp-L2846: delete one DataNode
[2017-11-02 15:50:15:0633] | CInterfaceManager.cpp-L2846: delete one DataNode
[2017-11-02 15:50:15:0708] | CInterfaceManager.cpp-L2846: delete one DataNode
[2017-11-02 15:50:15:0834] | CInterfaceManager.cpp-L2846: delete one DataNode
[2017-11-02 15:50:15:0907] | CInterfaceManager.cpp-L2846: delete one DataNode
[2017-11-02 15:50:16:0035] | CInterfaceManager.cpp-L2846: delete one DataNode
[2017-11-02 15:50:16:0190] | CInterfaceManager.cpp-L2846: delete one DataNode
[2017-11-02 15:50:16:0245] | CInterfaceManager.cpp-L2846: delete one DataNode
[2017-11-02 15:50:16:0297] | CInterfaceManager.cpp-L2846: delete one DataNode
[2017-11-02 15:50:16:0441] | CInterfaceManager.cpp-L2846: delete one DataNode
[2017-11-02 15:50:16:0501] | CInterfaceManager.cpp-L2846: delete one DataNode
[2017-11-02 15:50:16:0631] | CInterfaceManager.cpp-L2846: delete one DataNode
[2017-11-02 15:50:16:0699] | CInterfaceManager.cpp-L2846: delete one DataNode
[2017-11-02 15:50:16:0839] | CInterfaceManager.cpp-L2846: delete one DataNode
[2017-11-02 15:50:16:0989] | CInterfaceManager.cpp-L2846: delete one DataNode
[2017-11-02 15:50:17:0045] | CInterfaceManager.cpp-L2846: delete one DataNode
[2017-11-02 15:50:17:0106] | CInterfaceManager.cpp-L2846: delete one DataNode
[2017-11-02 15:50:17:0164] | CInterfaceManager.cpp-L2846: delete one DataNode
[2017-11-02 15:50:17:0235] | CInterfaceManager.cpp-L2846: delete one DataNode
[2017-11-02 15:50:17:0300] | CInterfaceManager.cpp-L2846: delete one DataNode
[2017-11-02 15:50:17:0367] | CInterfaceManager.cpp-L2846: delete one DataNode
[2017-11-02 15:50:17:0431] | CInterfaceManager.cpp-L2846: delete one DataNode
[2017-11-02 15:50:17:0502] | CInterfaceManager.cpp-L2846: delete one DataNode
[2017-11-02 15:50:17:0569] | CInterfaceManager.cpp-L2846: delete one DataNode
[2017-11-02 15:50:17:0628] | CInterfaceManager.cpp-L2846: delete one DataNode
[2017-11-02 15:50:17:0699] | CInterfaceManager.cpp-L2846: delete one DataNode
[2017-11-02 15:50:17:0766] | CInterfaceManager.cpp-L2846: delete one DataNode
[2017-11-02 15:50:17:0831] | CInterfaceManager.cpp-L2846: delete one DataNode
[2017-11-02 15:50:17:0897] | CInterfaceManager.cpp-L2846: delete one DataNode
[2017-11-02 15:50:17:0963] | CInterfaceManager.cpp-L2846: delete one DataNode
[2017-11-02 15:50:18:0035] | CInterfaceManager.cpp-L2846: delete one DataNode
[2017-11-02 15:50:18:0100] | CInterfaceManager.cpp-L2846: delete one DataNode
[2017-11-02 15:50:18:0299] | CInterfaceManager.cpp-L0645: getfcnt [189], getfcntsucceed[187], totalRecv[580] 
[2017-11-02 15:50:18:0303] | CInterfaceManager.cpp-L2673: RecvThreadProcess exit
