[2017-11-02 16:03:58:0674] | CInterfaceManager.cpp-L3028: CamCtrl[2000001], GigE SDKVersion(1020001), DriverVersion(0)
[2017-11-02 16:04:00:0065] |         XmlParse.cpp-L2051: GetNodeValue [ResultingFrameRate], Unknow Exception
[2017-11-02 16:04:15:0702] | CInterfaceManager.cpp-L2846: delete one DataNode
[2017-11-02 16:04:15:0775] | CInterfaceManager.cpp-L2846: delete one DataNode
[2017-11-02 16:04:15:0836] | CInterfaceManager.cpp-L2846: delete one DataNode
[2017-11-02 16:04:15:0902] | CInterfaceManager.cpp-L2846: delete one DataNode
[2017-11-02 16:04:15:0968] | CInterfaceManager.cpp-L2846: delete one DataNode
[2017-11-02 16:04:16:0040] | CInterfaceManager.cpp-L2846: delete one DataNode
[2017-11-02 16:04:16:0106] | CInterfaceManager.cpp-L2846: delete one DataNode
[2017-11-02 16:04:16:0173] | CInterfaceManager.cpp-L2846: delete one DataNode
[2017-11-02 16:04:16:0239] | CInterfaceManager.cpp-L2846: delete one DataNode
[2017-11-02 16:04:16:0306] | CInterfaceManager.cpp-L2846: delete one DataNode
[2017-11-02 16:04:16:0372] | CInterfaceManager.cpp-L2846: delete one DataNode
[2017-11-02 16:04:16:0438] | CInterfaceManager.cpp-L2846: delete one DataNode
[2017-11-02 16:04:16:0506] | CInterfaceManager.cpp-L2846: delete one DataNode
[2017-11-02 16:04:16:0574] | CInterfaceManager.cpp-L2846: delete one DataNode
[2017-11-02 16:04:16:0640] | CInterfaceManager.cpp-L2846: delete one DataNode
[2017-11-02 16:04:16:0706] | CInterfaceManager.cpp-L2846: delete one DataNode
[2017-11-02 16:04:16:0774] | CInterfaceManager.cpp-L2846: delete one DataNode
[2017-11-02 16:04:16:0838] | CInterfaceManager.cpp-L2846: delete one DataNode
[2017-11-02 16:04:16:0905] | CInterfaceManager.cpp-L2846: delete one DataNode
[2017-11-02 16:04:16:0972] | CInterfaceManager.cpp-L2846: delete one DataNode
[2017-11-02 16:04:17:0037] | CInterfaceManager.cpp-L2846: delete one DataNode
[2017-11-02 16:04:17:0105] | CInterfaceManager.cpp-L2846: delete one DataNode
[2017-11-02 16:04:17:0171] | CInterfaceManager.cpp-L2846: delete one DataNode
[2017-11-02 16:04:17:0236] | CInterfaceManager.cpp-L2846: delete one DataNode
[2017-11-02 16:04:17:0304] | CInterfaceManager.cpp-L2846: delete one DataNode
[2017-11-02 16:04:17:0370] | CInterfaceManager.cpp-L2846: delete one DataNode
[2017-11-02 16:04:17:0435] | CInterfaceManager.cpp-L2846: delete one DataNode
[2017-11-02 16:04:17:0503] | CInterfaceManager.cpp-L2846: delete one DataNode
[2017-11-02 16:04:17:0569] | CInterfaceManager.cpp-L2846: delete one DataNode
[2017-11-02 16:04:17:0641] | CInterfaceManager.cpp-L2846: delete one DataNode
[2017-11-02 16:04:17:0707] | CInterfaceManager.cpp-L2846: delete one DataNode
[2017-11-02 16:04:17:0768] | CInterfaceManager.cpp-L2846: delete one DataNode
[2017-11-02 16:04:17:0841] | CInterfaceManager.cpp-L2846: delete one DataNode
[2017-11-02 16:04:17:0907] | CInterfaceManager.cpp-L2846: delete one DataNode
[2017-11-02 16:04:17:0972] | CInterfaceManager.cpp-L2846: delete one DataNode
[2017-11-02 16:04:18:0038] | CInterfaceManager.cpp-L2846: delete one DataNode
[2017-11-02 16:04:18:0105] | CInterfaceManager.cpp-L2846: delete one DataNode
[2017-11-02 16:04:18:0171] | CInterfaceManager.cpp-L2846: delete one DataNode
[2017-11-02 16:04:18:0238] | CInterfaceManager.cpp-L2846: delete one DataNode
[2017-11-02 16:04:18:0300] | CInterfaceManager.cpp-L2846: delete one DataNode
[2017-11-02 16:04:18:0366] | CInterfaceManager.cpp-L2846: delete one DataNode
[2017-11-02 16:04:18:0436] | CInterfaceManager.cpp-L2846: delete one DataNode
[2017-11-02 16:04:18:0504] | CInterfaceManager.cpp-L2846: delete one DataNode
[2017-11-02 16:04:18:0566] | CInterfaceManager.cpp-L2846: delete one DataNode
[2017-11-02 16:04:18:0636] | CInterfaceManager.cpp-L2846: delete one DataNode
[2017-11-02 16:04:18:0704] | CInterfaceManager.cpp-L2846: delete one DataNode
[2017-11-02 16:04:18:0770] | CInterfaceManager.cpp-L2846: delete one DataNode
[2017-11-02 16:04:18:0836] | CInterfaceManager.cpp-L2846: delete one DataNode
[2017-11-02 16:04:18:0903] | CInterfaceManager.cpp-L2846: delete one DataNode
[2017-11-02 16:04:18:0971] | CInterfaceManager.cpp-L2846: delete one DataNode
[2017-11-02 16:04:19:0036] | CInterfaceManager.cpp-L2846: delete one DataNode
[2017-11-02 16:04:19:0103] | CInterfaceManager.cpp-L2846: delete one DataNode
[2017-11-02 16:04:19:0169] | CInterfaceManager.cpp-L2846: delete one DataNode
[2017-11-02 16:04:19:0234] | CInterfaceManager.cpp-L2846: delete one DataNode
[2017-11-02 16:04:19:0300] | CInterfaceManager.cpp-L2846: delete one DataNode
[2017-11-02 16:04:19:0371] | CInterfaceManager.cpp-L2846: delete one DataNode
[2017-11-02 16:04:19:0431] | CInterfaceManager.cpp-L2846: delete one DataNode
[2017-11-02 16:04:19:0503] | CInterfaceManager.cpp-L2846: delete one DataNode
[2017-11-02 16:04:19:0570] | CInterfaceManager.cpp-L2846: delete one DataNode
[2017-11-02 16:04:19:0635] | CInterfaceManager.cpp-L2846: delete one DataNode
[2017-11-02 16:04:19:0701] | CInterfaceManager.cpp-L2846: delete one DataNode
[2017-11-02 16:04:19:0767] | CInterfaceManager.cpp-L2846: delete one DataNode
[2017-11-02 16:04:19:0832] | CInterfaceManager.cpp-L2846: delete one DataNode
[2017-11-02 16:04:19:0899] | CInterfaceManager.cpp-L2846: delete one DataNode
[2017-11-02 16:04:19:0970] | CInterfaceManager.cpp-L2846: delete one DataNode
[2017-11-02 16:04:20:0035] | CInterfaceManager.cpp-L2846: delete one DataNode
[2017-11-02 16:04:20:0102] | CInterfaceManager.cpp-L2846: delete one DataNode
[2017-11-02 16:04:20:0167] | CInterfaceManager.cpp-L2846: delete one DataNode
[2017-11-02 16:04:20:0232] | CInterfaceManager.cpp-L2846: delete one DataNode
[2017-11-02 16:04:20:0305] | CInterfaceManager.cpp-L2846: delete one DataNode
[2017-11-02 16:04:20:0366] | CInterfaceManager.cpp-L2846: delete one DataNode
[2017-11-02 16:04:20:0435] | CInterfaceManager.cpp-L2846: delete one DataNode
[2017-11-02 16:04:20:0502] | CInterfaceManager.cpp-L2846: delete one DataNode
[2017-11-02 16:04:20:0568] | CInterfaceManager.cpp-L2846: delete one DataNode
[2017-11-02 16:04:20:0633] | CInterfaceManager.cpp-L2846: delete one DataNode
[2017-11-02 16:04:20:0699] | CInterfaceManager.cpp-L2846: delete one DataNode
[2017-11-02 16:04:20:0765] | CInterfaceManager.cpp-L2846: delete one DataNode
[2017-11-02 16:04:20:0831] | CInterfaceManager.cpp-L2846: delete one DataNode
[2017-11-02 16:04:20:0903] | CInterfaceManager.cpp-L2846: delete one DataNode
[2017-11-02 16:04:20:0968] | CInterfaceManager.cpp-L2846: delete one DataNode
[2017-11-02 16:04:21:0032] | CInterfaceManager.cpp-L2846: delete one DataNode
[2017-11-02 16:04:21:0099] | CInterfaceManager.cpp-L2846: delete one DataNode
[2017-11-02 16:04:21:0169] | CInterfaceManager.cpp-L2846: delete one DataNode
[2017-11-02 16:04:21:0234] | CInterfaceManager.cpp-L2846: delete one DataNode
[2017-11-02 16:04:21:0300] | CInterfaceManager.cpp-L2846: delete one DataNode
[2017-11-02 16:04:21:0365] | CInterfaceManager.cpp-L2846: delete one DataNode
[2017-11-02 16:04:21:0436] | CInterfaceManager.cpp-L2846: delete one DataNode
[2017-11-02 16:04:21:0503] | CInterfaceManager.cpp-L2846: delete one DataNode
[2017-11-02 16:04:21:0561] | CInterfaceManager.cpp-L2846: delete one DataNode
[2017-11-02 16:04:21:0632] | CInterfaceManager.cpp-L2846: delete one DataNode
[2017-11-02 16:04:21:0699] | CInterfaceManager.cpp-L2846: delete one DataNode
[2017-11-02 16:04:21:0770] | CInterfaceManager.cpp-L2846: delete one DataNode
[2017-11-02 16:04:21:0834] | CInterfaceManager.cpp-L2846: delete one DataNode
[2017-11-02 16:04:21:0900] | CInterfaceManager.cpp-L2846: delete one DataNode
[2017-11-02 16:04:21:0965] | CInterfaceManager.cpp-L2846: delete one DataNode
[2017-11-02 16:04:22:0030] | CInterfaceManager.cpp-L2846: delete one DataNode
[2017-11-02 16:04:22:0096] | CInterfaceManager.cpp-L2846: delete one DataNode
[2017-11-02 16:04:22:0168] | CInterfaceManager.cpp-L2846: delete one DataNode
[2017-11-02 16:04:22:0233] | CInterfaceManager.cpp-L2846: delete one DataNode
[2017-11-02 16:04:22:0299] | CInterfaceManager.cpp-L2846: delete one DataNode
[2017-11-02 16:04:22:0363] | CInterfaceManager.cpp-L2846: delete one DataNode
[2017-11-02 16:04:22:0433] | CInterfaceManager.cpp-L2846: delete one DataNode
[2017-11-02 16:04:22:0500] | CInterfaceManager.cpp-L2846: delete one DataNode
[2017-11-02 16:04:22:0564] | CInterfaceManager.cpp-L2846: delete one DataNode
[2017-11-02 16:04:22:0629] | CInterfaceManager.cpp-L2846: delete one DataNode
[2017-11-02 16:04:22:0701] | CInterfaceManager.cpp-L2846: delete one DataNode
[2017-11-02 16:04:22:0766] | CInterfaceManager.cpp-L2846: delete one DataNode
[2017-11-02 16:04:22:0831] | CInterfaceManager.cpp-L2846: delete one DataNode
[2017-11-02 16:04:22:0898] | CInterfaceManager.cpp-L2846: delete one DataNode
[2017-11-02 16:04:22:0968] | CInterfaceManager.cpp-L2846: delete one DataNode
[2017-11-02 16:04:23:0034] | CInterfaceManager.cpp-L2846: delete one DataNode
[2017-11-02 16:04:23:0094] | CInterfaceManager.cpp-L2846: delete one DataNode
[2017-11-02 16:04:23:0164] | CInterfaceManager.cpp-L2846: delete one DataNode
[2017-11-02 16:04:23:0234] | CInterfaceManager.cpp-L2846: delete one DataNode
[2017-11-02 16:04:23:0300] | CInterfaceManager.cpp-L2846: delete one DataNode
[2017-11-02 16:04:23:0365] | CInterfaceManager.cpp-L2846: delete one DataNode
[2017-11-02 16:04:23:0430] | CInterfaceManager.cpp-L2846: delete one DataNode
[2017-11-02 16:04:23:0496] | CInterfaceManager.cpp-L2846: delete one DataNode
[2017-11-02 16:04:23:0567] | CInterfaceManager.cpp-L2846: delete one DataNode
[2017-11-02 16:04:23:0631] | CInterfaceManager.cpp-L2846: delete one DataNode
[2017-11-02 16:04:23:0698] | CInterfaceManager.cpp-L2846: delete one DataNode
[2017-11-02 16:04:23:0763] | CInterfaceManager.cpp-L2846: delete one DataNode
[2017-11-02 16:04:23:0834] | CInterfaceManager.cpp-L2846: delete one DataNode
[2017-11-02 16:04:23:0895] | CInterfaceManager.cpp-L2846: delete one DataNode
[2017-11-02 16:04:23:0965] | CInterfaceManager.cpp-L2846: delete one DataNode
[2017-11-02 16:04:24:0037] | CInterfaceManager.cpp-L2846: delete one DataNode
[2017-11-02 16:04:24:0098] | CInterfaceManager.cpp-L2846: delete one DataNode
[2017-11-02 16:04:24:0163] | CInterfaceManager.cpp-L2846: delete one DataNode
[2017-11-02 16:04:24:0228] | CInterfaceManager.cpp-L2846: delete one DataNode
[2017-11-02 16:04:24:0295] | CInterfaceManager.cpp-L2846: delete one DataNode
[2017-11-02 16:04:24:0365] | CInterfaceManager.cpp-L2846: delete one DataNode
[2017-11-02 16:04:24:0429] | CInterfaceManager.cpp-L2846: delete one DataNode
[2017-11-02 16:04:24:0496] | CInterfaceManager.cpp-L2846: delete one DataNode
[2017-11-02 16:04:24:0566] | CInterfaceManager.cpp-L2846: delete one DataNode
[2017-11-02 16:04:24:0630] | CInterfaceManager.cpp-L2846: delete one DataNode
[2017-11-02 16:04:24:0697] | CInterfaceManager.cpp-L2846: delete one DataNode
[2017-11-02 16:04:24:0761] | CInterfaceManager.cpp-L2846: delete one DataNode
[2017-11-02 16:04:24:0831] | CInterfaceManager.cpp-L2846: delete one DataNode
[2017-11-02 16:04:24:0898] | CInterfaceManager.cpp-L2846: delete one DataNode
[2017-11-02 16:04:24:0962] | CInterfaceManager.cpp-L2846: delete one DataNode
[2017-11-02 16:04:25:0032] | CInterfaceManager.cpp-L2846: delete one DataNode
[2017-11-02 16:04:25:0099] | CInterfaceManager.cpp-L2846: delete one DataNode
[2017-11-02 16:04:25:0164] | CInterfaceManager.cpp-L2846: delete one DataNode
[2017-11-02 16:04:25:0228] | CInterfaceManager.cpp-L2846: delete one DataNode
[2017-11-02 16:04:25:0295] | CInterfaceManager.cpp-L2846: delete one DataNode
[2017-11-02 16:04:25:0365] | CInterfaceManager.cpp-L2846: delete one DataNode
[2017-11-02 16:04:25:0430] | CInterfaceManager.cpp-L2846: delete one DataNode
[2017-11-02 16:04:25:0497] | CInterfaceManager.cpp-L2846: delete one DataNode
[2017-11-02 16:04:25:0562] | CInterfaceManager.cpp-L2846: delete one DataNode
[2017-11-02 16:04:25:0632] | CInterfaceManager.cpp-L2846: delete one DataNode
[2017-11-02 16:04:25:0698] | CInterfaceManager.cpp-L2846: delete one DataNode
[2017-11-02 16:04:25:0763] | CInterfaceManager.cpp-L2846: delete one DataNode
[2017-11-02 16:04:25:0828] | CInterfaceManager.cpp-L2846: delete one DataNode
[2017-11-02 16:04:25:0895] | CInterfaceManager.cpp-L2846: delete one DataNode
[2017-11-02 16:04:25:0964] | CInterfaceManager.cpp-L2846: delete one DataNode
[2017-11-02 16:04:26:0034] | CInterfaceManager.cpp-L2846: delete one DataNode
[2017-11-02 16:04:26:0095] | CInterfaceManager.cpp-L2846: delete one DataNode
[2017-11-02 16:04:26:0166] | CInterfaceManager.cpp-L2846: delete one DataNode
[2017-11-02 16:04:26:0231] | CInterfaceManager.cpp-L2846: delete one DataNode
[2017-11-02 16:04:26:0297] | CInterfaceManager.cpp-L2846: delete one DataNode
[2017-11-02 16:04:26:0363] | CInterfaceManager.cpp-L2846: delete one DataNode
[2017-11-02 16:04:26:0434] | CInterfaceManager.cpp-L2846: delete one DataNode
[2017-11-02 16:04:26:0496] | CInterfaceManager.cpp-L2846: delete one DataNode
[2017-11-02 16:04:26:0561] | CInterfaceManager.cpp-L2846: delete one DataNode
[2017-11-02 16:04:26:0625] | CInterfaceManager.cpp-L2846: delete one DataNode
[2017-11-02 16:04:26:0697] | CInterfaceManager.cpp-L2846: delete one DataNode
[2017-11-02 16:04:26:0763] | CInterfaceManager.cpp-L2846: delete one DataNode
[2017-11-02 16:04:26:0828] | CInterfaceManager.cpp-L2846: delete one DataNode
[2017-11-02 16:04:26:0895] | CInterfaceManager.cpp-L2846: delete one DataNode
[2017-11-02 16:04:26:0960] | CInterfaceManager.cpp-L2846: delete one DataNode
[2017-11-02 16:04:27:0031] | CInterfaceManager.cpp-L2846: delete one DataNode
[2017-11-02 16:04:27:0098] | CInterfaceManager.cpp-L2846: delete one DataNode
[2017-11-02 16:04:27:0162] | CInterfaceManager.cpp-L2846: delete one DataNode
[2017-11-02 16:04:27:0227] | CInterfaceManager.cpp-L2846: delete one DataNode
[2017-11-02 16:04:27:0293] | CInterfaceManager.cpp-L2846: delete one DataNode
[2017-11-02 16:04:27:0358] | CInterfaceManager.cpp-L2846: delete one DataNode
[2017-11-02 16:04:27:0423] | CInterfaceManager.cpp-L2846: delete one DataNode
[2017-11-02 16:04:27:0496] | CInterfaceManager.cpp-L2846: delete one DataNode
[2017-11-02 16:04:27:0561] | CInterfaceManager.cpp-L2846: delete one DataNode
[2017-11-02 16:04:27:0626] | CInterfaceManager.cpp-L2846: delete one DataNode
[2017-11-02 16:04:27:0692] | CInterfaceManager.cpp-L2846: delete one DataNode
[2017-11-02 16:04:27:0763] | CInterfaceManager.cpp-L2846: delete one DataNode
[2017-11-02 16:04:27:0827] | CInterfaceManager.cpp-L2846: delete one DataNode
[2017-11-02 16:04:27:0894] | CInterfaceManager.cpp-L2846: delete one DataNode
[2017-11-02 16:04:27:0960] | CInterfaceManager.cpp-L2846: delete one DataNode
[2017-11-02 16:04:28:0026] | CInterfaceManager.cpp-L2846: delete one DataNode
[2017-11-02 16:04:28:0093] | CInterfaceManager.cpp-L2846: delete one DataNode
[2017-11-02 16:04:28:0164] | CInterfaceManager.cpp-L2846: delete one DataNode
[2017-11-02 16:04:28:0224] | CInterfaceManager.cpp-L2846: delete one DataNode
[2017-11-02 16:04:28:0291] | CInterfaceManager.cpp-L2846: delete one DataNode
[2017-11-02 16:04:28:0362] | CInterfaceManager.cpp-L2846: delete one DataNode
[2017-11-02 16:04:28:0428] | CInterfaceManager.cpp-L2846: delete one DataNode
[2017-11-02 16:04:28:0495] | CInterfaceManager.cpp-L2846: delete one DataNode
[2017-11-02 16:04:28:0560] | CInterfaceManager.cpp-L2846: delete one DataNode
[2017-11-02 16:04:28:0624] | CInterfaceManager.cpp-L2846: delete one DataNode
[2017-11-02 16:04:28:0691] | CInterfaceManager.cpp-L2846: delete one DataNode
[2017-11-02 16:04:28:0761] | CInterfaceManager.cpp-L2846: delete one DataNode
[2017-11-02 16:04:28:0826] | CInterfaceManager.cpp-L2846: delete one DataNode
[2017-11-02 16:04:28:0893] | CInterfaceManager.cpp-L2846: delete one DataNode
[2017-11-02 16:04:28:0958] | CInterfaceManager.cpp-L2846: delete one DataNode
[2017-11-02 16:04:29:0028] | CInterfaceManager.cpp-L2846: delete one DataNode
[2017-11-02 16:04:29:0095] | CInterfaceManager.cpp-L2846: delete one DataNode
[2017-11-02 16:04:29:0160] | CInterfaceManager.cpp-L2846: delete one DataNode
[2017-11-02 16:04:29:0231] | CInterfaceManager.cpp-L2846: delete one DataNode
[2017-11-02 16:04:29:0297] | CInterfaceManager.cpp-L2846: delete one DataNode
[2017-11-02 16:04:29:0362] | CInterfaceManager.cpp-L2846: delete one DataNode
[2017-11-02 16:04:29:0427] | CInterfaceManager.cpp-L2846: delete one DataNode
[2017-11-02 16:04:29:0494] | CInterfaceManager.cpp-L2846: delete one DataNode
[2017-11-02 16:04:29:0558] | CInterfaceManager.cpp-L2846: delete one DataNode
[2017-11-02 16:04:29:0629] | CInterfaceManager.cpp-L2846: delete one DataNode
[2017-11-02 16:04:29:0695] | CInterfaceManager.cpp-L2846: delete one DataNode
[2017-11-02 16:04:29:0759] | CInterfaceManager.cpp-L2846: delete one DataNode
[2017-11-02 16:04:29:0830] | CInterfaceManager.cpp-L2846: delete one DataNode
[2017-11-02 16:04:29:0896] | CInterfaceManager.cpp-L2846: delete one DataNode
[2017-11-02 16:04:29:0961] | CInterfaceManager.cpp-L2846: delete one DataNode
[2017-11-02 16:04:30:0026] | CInterfaceManager.cpp-L2846: delete one DataNode
[2017-11-02 16:04:30:0093] | CInterfaceManager.cpp-L2846: delete one DataNode
[2017-11-02 16:04:30:0169] | CInterfaceManager.cpp-L2846: delete one DataNode
[2017-11-02 16:04:30:0224] | CInterfaceManager.cpp-L2846: delete one DataNode
[2017-11-02 16:04:30:0297] | CInterfaceManager.cpp-L2846: delete one DataNode
[2017-11-02 16:04:30:0355] | CInterfaceManager.cpp-L2846: delete one DataNode
[2017-11-02 16:04:30:0426] | CInterfaceManager.cpp-L2846: delete one DataNode
[2017-11-02 16:04:30:0493] | CInterfaceManager.cpp-L2846: delete one DataNode
[2017-11-02 16:04:30:0557] | CInterfaceManager.cpp-L2846: delete one DataNode
[2017-11-02 16:04:30:0623] | CInterfaceManager.cpp-L2846: delete one DataNode
[2017-11-02 16:04:30:0690] | CInterfaceManager.cpp-L2846: delete one DataNode
[2017-11-02 16:04:30:0757] | CInterfaceManager.cpp-L2846: delete one DataNode
[2017-11-02 16:04:30:0823] | CInterfaceManager.cpp-L2846: delete one DataNode
[2017-11-02 16:04:30:0889] | CInterfaceManager.cpp-L2846: delete one DataNode
[2017-11-02 16:04:30:0960] | CInterfaceManager.cpp-L2846: delete one DataNode
[2017-11-02 16:04:31:0025] | CInterfaceManager.cpp-L2846: delete one DataNode
[2017-11-02 16:04:31:0092] | CInterfaceManager.cpp-L2846: delete one DataNode
[2017-11-02 16:04:31:0157] | CInterfaceManager.cpp-L2846: delete one DataNode
[2017-11-02 16:04:31:0223] | CInterfaceManager.cpp-L2846: delete one DataNode
[2017-11-02 16:04:31:0296] | CInterfaceManager.cpp-L2846: delete one DataNode
[2017-11-02 16:04:31:0355] | CInterfaceManager.cpp-L2846: delete one DataNode
[2017-11-02 16:04:31:0426] | CInterfaceManager.cpp-L2846: delete one DataNode
[2017-11-02 16:04:31:0493] | CInterfaceManager.cpp-L2846: delete one DataNode
[2017-11-02 16:04:31:0558] | CInterfaceManager.cpp-L2846: delete one DataNode
[2017-11-02 16:04:31:0624] | CInterfaceManager.cpp-L2846: delete one DataNode
[2017-11-02 16:04:31:0691] | CInterfaceManager.cpp-L2846: delete one DataNode
[2017-11-02 16:04:31:0755] | CInterfaceManager.cpp-L2846: delete one DataNode
[2017-11-02 16:04:31:0827] | CInterfaceManager.cpp-L2846: delete one DataNode
[2017-11-02 16:04:31:0887] | CInterfaceManager.cpp-L2846: delete one DataNode
[2017-11-02 16:04:31:0958] | CInterfaceManager.cpp-L2846: delete one DataNode
[2017-11-02 16:04:32:0024] | CInterfaceManager.cpp-L2846: delete one DataNode
[2017-11-02 16:04:32:0090] | CInterfaceManager.cpp-L2846: delete one DataNode
[2017-11-02 16:04:32:0155] | CInterfaceManager.cpp-L2846: delete one DataNode
[2017-11-02 16:04:32:0222] | CInterfaceManager.cpp-L2846: delete one DataNode
[2017-11-02 16:04:32:0289] | CInterfaceManager.cpp-L2846: delete one DataNode
[2017-11-02 16:04:32:0359] | CInterfaceManager.cpp-L2846: delete one DataNode
[2017-11-02 16:04:32:0425] | CInterfaceManager.cpp-L2846: delete one DataNode
[2017-11-02 16:04:32:0491] | CInterfaceManager.cpp-L2846: delete one DataNode
[2017-11-02 16:04:32:0555] | CInterfaceManager.cpp-L2846: delete one DataNode
[2017-11-02 16:04:32:0621] | CInterfaceManager.cpp-L2846: delete one DataNode
[2017-11-02 16:04:32:0688] | CInterfaceManager.cpp-L2846: delete one DataNode
[2017-11-02 16:04:32:0760] | CInterfaceManager.cpp-L2846: delete one DataNode
[2017-11-02 16:04:32:0821] | CInterfaceManager.cpp-L2846: delete one DataNode
[2017-11-02 16:04:32:0887] | CInterfaceManager.cpp-L2846: delete one DataNode
[2017-11-02 16:04:32:0953] | CInterfaceManager.cpp-L2846: delete one DataNode
[2017-11-02 16:04:33:0020] | CInterfaceManager.cpp-L2846: delete one DataNode
[2017-11-02 16:04:33:0087] | CInterfaceManager.cpp-L2846: delete one DataNode
[2017-11-02 16:04:33:0158] | CInterfaceManager.cpp-L2846: delete one DataNode
[2017-11-02 16:04:33:0223] | CInterfaceManager.cpp-L2846: delete one DataNode
[2017-11-02 16:04:33:0290] | CInterfaceManager.cpp-L2846: delete one DataNode
[2017-11-02 16:04:33:0355] | CInterfaceManager.cpp-L2846: delete one DataNode
[2017-11-02 16:04:33:0422] | CInterfaceManager.cpp-L2846: delete one DataNode
[2017-11-02 16:04:33:0487] | CInterfaceManager.cpp-L2846: delete one DataNode
[2017-11-02 16:04:33:0558] | CInterfaceManager.cpp-L2846: delete one DataNode
[2017-11-02 16:04:33:0623] | CInterfaceManager.cpp-L2846: delete one DataNode
[2017-11-02 16:04:33:0690] | CInterfaceManager.cpp-L2846: delete one DataNode
[2017-11-02 16:04:33:0755] | CInterfaceManager.cpp-L2846: delete one DataNode
[2017-11-02 16:04:33:0822] | CInterfaceManager.cpp-L2846: delete one DataNode
[2017-11-02 16:04:33:0887] | CInterfaceManager.cpp-L2846: delete one DataNode
[2017-11-02 16:04:33:0957] | CInterfaceManager.cpp-L2846: delete one DataNode
[2017-11-02 16:04:34:0023] | CInterfaceManager.cpp-L2846: delete one DataNode
[2017-11-02 16:04:34:0091] | CInterfaceManager.cpp-L2846: delete one DataNode
[2017-11-02 16:04:34:0155] | CInterfaceManager.cpp-L2846: delete one DataNode
[2017-11-02 16:04:34:0222] | CInterfaceManager.cpp-L2846: delete one DataNode
[2017-11-02 16:04:34:0289] | CInterfaceManager.cpp-L2846: delete one DataNode
[2017-11-02 16:04:34:0359] | CInterfaceManager.cpp-L2846: delete one DataNode
[2017-11-02 16:04:34:0425] | CInterfaceManager.cpp-L2846: delete one DataNode
[2017-11-02 16:04:34:0492] | CInterfaceManager.cpp-L2846: delete one DataNode
[2017-11-02 16:04:34:0558] | CInterfaceManager.cpp-L2846: delete one DataNode
[2017-11-02 16:04:34:0620] | CInterfaceManager.cpp-L2846: delete one DataNode
[2017-11-02 16:04:34:0688] | CInterfaceManager.cpp-L2846: delete one DataNode
[2017-11-02 16:04:34:0755] | CInterfaceManager.cpp-L2846: delete one DataNode
[2017-11-02 16:04:34:0822] | CInterfaceManager.cpp-L2846: delete one DataNode
[2017-11-02 16:04:34:0884] | CInterfaceManager.cpp-L2846: delete one DataNode
[2017-11-02 16:04:34:0956] | CInterfaceManager.cpp-L2846: delete one DataNode
[2017-11-02 16:04:35:0023] | CInterfaceManager.cpp-L2846: delete one DataNode
[2017-11-02 16:04:35:0089] | CInterfaceManager.cpp-L2846: delete one DataNode
[2017-11-02 16:04:35:0155] | CInterfaceManager.cpp-L2846: delete one DataNode
[2017-11-02 16:04:35:0222] | CInterfaceManager.cpp-L2846: delete one DataNode
[2017-11-02 16:04:35:0289] | CInterfaceManager.cpp-L2846: delete one DataNode
[2017-11-02 16:04:35:0353] | CInterfaceManager.cpp-L2846: delete one DataNode
[2017-11-02 16:04:35:0420] | CInterfaceManager.cpp-L2846: delete one DataNode
[2017-11-02 16:04:35:0488] | CInterfaceManager.cpp-L2846: delete one DataNode
[2017-11-02 16:04:35:0554] | CInterfaceManager.cpp-L2846: delete one DataNode
[2017-11-02 16:04:35:0622] | CInterfaceManager.cpp-L2846: delete one DataNode
[2017-11-02 16:04:35:0688] | CInterfaceManager.cpp-L2846: delete one DataNode
[2017-11-02 16:04:35:0752] | CInterfaceManager.cpp-L2846: delete one DataNode
[2017-11-02 16:04:35:0819] | CInterfaceManager.cpp-L2846: delete one DataNode
[2017-11-02 16:04:35:0887] | CInterfaceManager.cpp-L2846: delete one DataNode
[2017-11-02 16:04:35:0952] | CInterfaceManager.cpp-L2846: delete one DataNode
[2017-11-02 16:04:36:0019] | CInterfaceManager.cpp-L2846: delete one DataNode
[2017-11-02 16:04:36:0085] | CInterfaceManager.cpp-L2846: delete one DataNode
[2017-11-02 16:04:36:0151] | CInterfaceManager.cpp-L2846: delete one DataNode
[2017-11-02 16:04:36:0224] | CInterfaceManager.cpp-L2846: delete one DataNode
[2017-11-02 16:04:36:0290] | CInterfaceManager.cpp-L2846: delete one DataNode
[2017-11-02 16:04:36:0373] | CInterfaceManager.cpp-L2846: delete one DataNode
[2017-11-02 16:04:36:0427] | CInterfaceManager.cpp-L2846: delete one DataNode
[2017-11-02 16:04:36:0487] | CInterfaceManager.cpp-L2846: delete one DataNode
[2017-11-02 16:04:36:0553] | CInterfaceManager.cpp-L2846: delete one DataNode
[2017-11-02 16:04:36:0620] | CInterfaceManager.cpp-L2846: delete one DataNode
[2017-11-02 16:04:36:0688] | CInterfaceManager.cpp-L2846: delete one DataNode
[2017-11-02 16:04:36:0753] | CInterfaceManager.cpp-L2846: delete one DataNode
[2017-11-02 16:04:36:0821] | CInterfaceManager.cpp-L2846: delete one DataNode
[2017-11-02 16:04:36:0887] | CInterfaceManager.cpp-L2846: delete one DataNode
[2017-11-02 16:04:36:0952] | CInterfaceManager.cpp-L2846: delete one DataNode
[2017-11-02 16:04:37:0020] | CInterfaceManager.cpp-L2846: delete one DataNode
[2017-11-02 16:04:37:0086] | CInterfaceManager.cpp-L2846: delete one DataNode
[2017-11-02 16:04:37:0151] | CInterfaceManager.cpp-L2846: delete one DataNode
[2017-11-02 16:04:37:0218] | CInterfaceManager.cpp-L2846: delete one DataNode
[2017-11-02 16:04:37:0284] | CInterfaceManager.cpp-L2846: delete one DataNode
[2017-11-02 16:04:37:0354] | CInterfaceManager.cpp-L2846: delete one DataNode
[2017-11-02 16:04:37:0416] | CInterfaceManager.cpp-L2846: delete one DataNode
[2017-11-02 16:04:37:0482] | CInterfaceManager.cpp-L2846: delete one DataNode
[2017-11-02 16:04:37:0553] | CInterfaceManager.cpp-L2846: delete one DataNode
[2017-11-02 16:04:37:0619] | CInterfaceManager.cpp-L2846: delete one DataNode
[2017-11-02 16:04:37:0691] | CInterfaceManager.cpp-L2846: delete one DataNode
[2017-11-02 16:04:37:0751] | CInterfaceManager.cpp-L2846: delete one DataNode
[2017-11-02 16:04:37:0818] | CInterfaceManager.cpp-L2846: delete one DataNode
[2017-11-02 16:04:37:0884] | CInterfaceManager.cpp-L2846: delete one DataNode
[2017-11-02 16:04:37:0953] | CInterfaceManager.cpp-L2846: delete one DataNode
[2017-11-02 16:04:38:0020] | CInterfaceManager.cpp-L2846: delete one DataNode
[2017-11-02 16:04:38:0086] | CInterfaceManager.cpp-L2846: delete one DataNode
[2017-11-02 16:04:38:0151] | CInterfaceManager.cpp-L2846: delete one DataNode
[2017-11-02 16:04:38:0218] | CInterfaceManager.cpp-L2846: delete one DataNode
[2017-11-02 16:04:38:0284] | CInterfaceManager.cpp-L2846: delete one DataNode
[2017-11-02 16:04:38:0350] | CInterfaceManager.cpp-L2846: delete one DataNode
[2017-11-02 16:04:38:0417] | CInterfaceManager.cpp-L2846: delete one DataNode
[2017-11-02 16:04:38:0482] | CInterfaceManager.cpp-L2846: delete one DataNode
[2017-11-02 16:04:38:0553] | CInterfaceManager.cpp-L2846: delete one DataNode
[2017-11-02 16:04:38:0614] | CInterfaceManager.cpp-L2846: delete one DataNode
[2017-11-02 16:04:38:0685] | CInterfaceManager.cpp-L2846: delete one DataNode
[2017-11-02 16:04:38:0749] | CInterfaceManager.cpp-L2846: delete one DataNode
[2017-11-02 16:04:38:0816] | CInterfaceManager.cpp-L2846: delete one DataNode
[2017-11-02 16:04:38:0881] | CInterfaceManager.cpp-L2846: delete one DataNode
[2017-11-02 16:04:38:0952] | CInterfaceManager.cpp-L2846: delete one DataNode
[2017-11-02 16:04:39:0014] | CInterfaceManager.cpp-L2846: delete one DataNode
[2017-11-02 16:04:39:0083] | CInterfaceManager.cpp-L2846: delete one DataNode
[2017-11-02 16:04:39:0148] | CInterfaceManager.cpp-L2846: delete one DataNode
[2017-11-02 16:04:39:0220] | CInterfaceManager.cpp-L2846: delete one DataNode
[2017-11-02 16:04:39:0280] | CInterfaceManager.cpp-L2846: delete one DataNode
[2017-11-02 16:04:39:0351] | CInterfaceManager.cpp-L2846: delete one DataNode
[2017-11-02 16:04:39:0418] | CInterfaceManager.cpp-L2846: delete one DataNode
[2017-11-02 16:04:39:0483] | CInterfaceManager.cpp-L2846: delete one DataNode
[2017-11-02 16:04:39:0549] | CInterfaceManager.cpp-L2846: delete one DataNode
[2017-11-02 16:04:39:0747] | CInterfaceManager.cpp-L0645: getfcnt [321], getfcntsucceed[221], totalRecv[590] 
[2017-11-02 16:04:39:0751] | CInterfaceManager.cpp-L2673: RecvThreadProcess exit
