[2017-11-02 17:03:21:0310] | CInterfaceManager.cpp-L3028: CamCtrl[2000001], GigE SDKVersion(1020001), DriverVersion(0)
[2017-11-02 17:03:22:0709] |         XmlParse.cpp-L2051: GetNodeValue [ResultingFrameRate], Unknow Exception
[2017-11-02 17:04:01:0778] | CInterfaceManager.cpp-L2846: delete one DataNode
[2017-11-02 17:04:01:0833] | CInterfaceManager.cpp-L2846: delete one DataNode
[2017-11-02 17:04:01:0911] | CInterfaceManager.cpp-L2846: delete one DataNode
[2017-11-02 17:04:01:0965] | CInterfaceManager.cpp-L2846: delete one DataNode
[2017-11-02 17:04:02:0020] | CInterfaceManager.cpp-L2846: delete one DataNode
[2017-11-02 17:04:02:0073] | CInterfaceManager.cpp-L2846: delete one DataNode
[2017-11-02 17:04:02:0124] | CInterfaceManager.cpp-L2846: delete one DataNode
[2017-11-02 17:04:02:0200] | CInterfaceManager.cpp-L2846: delete one DataNode
[2017-11-02 17:04:02:0260] | CInterfaceManager.cpp-L2846: delete one DataNode
[2017-11-02 17:04:02:0326] | CInterfaceManager.cpp-L2846: delete one DataNode
[2017-11-02 17:04:02:0391] | CInterfaceManager.cpp-L2846: delete one DataNode
[2017-11-02 17:04:02:0469] | CInterfaceManager.cpp-L2846: delete one DataNode
[2017-11-02 17:04:02:0530] | CInterfaceManager.cpp-L2846: delete one DataNode
[2017-11-02 17:04:02:0601] | CInterfaceManager.cpp-L2846: delete one DataNode
[2017-11-02 17:04:02:0665] | CInterfaceManager.cpp-L2846: delete one DataNode
[2017-11-02 17:04:02:0726] | CInterfaceManager.cpp-L2846: delete one DataNode
[2017-11-02 17:04:02:0791] | CInterfaceManager.cpp-L2846: delete one DataNode
[2017-11-02 17:04:02:0862] | CInterfaceManager.cpp-L2846: delete one DataNode
[2017-11-02 17:04:02:0925] | CInterfaceManager.cpp-L2846: delete one DataNode
[2017-11-02 17:04:02:0990] | CInterfaceManager.cpp-L2846: delete one DataNode
[2017-11-02 17:04:03:0067] | CInterfaceManager.cpp-L2846: delete one DataNode
[2017-11-02 17:04:03:0128] | CInterfaceManager.cpp-L2846: delete one DataNode
[2017-11-02 17:04:03:0194] | CInterfaceManager.cpp-L2846: delete one DataNode
[2017-11-02 17:04:03:0261] | CInterfaceManager.cpp-L2846: delete one DataNode
[2017-11-02 17:04:03:0321] | CInterfaceManager.cpp-L2846: delete one DataNode
[2017-11-02 17:04:03:0394] | CInterfaceManager.cpp-L2846: delete one DataNode
[2017-11-02 17:04:03:0459] | CInterfaceManager.cpp-L2846: delete one DataNode
[2017-11-02 17:04:03:0527] | CInterfaceManager.cpp-L2846: delete one DataNode
[2017-11-02 17:04:03:0593] | CInterfaceManager.cpp-L2846: delete one DataNode
[2017-11-02 17:04:03:0665] | CInterfaceManager.cpp-L2846: delete one DataNode
[2017-11-02 17:04:03:0726] | CInterfaceManager.cpp-L2846: delete one DataNode
[2017-11-02 17:04:03:0792] | CInterfaceManager.cpp-L2846: delete one DataNode
[2017-11-02 17:04:03:0856] | CInterfaceManager.cpp-L2846: delete one DataNode
[2017-11-02 17:04:03:0923] | CInterfaceManager.cpp-L2846: delete one DataNode
[2017-11-02 17:04:03:0989] | CInterfaceManager.cpp-L2846: delete one DataNode
[2017-11-02 17:04:04:0059] | CInterfaceManager.cpp-L2846: delete one DataNode
[2017-11-02 17:04:04:0121] | CInterfaceManager.cpp-L2846: delete one DataNode
[2017-11-02 17:04:04:0198] | CInterfaceManager.cpp-L2846: delete one DataNode
[2017-11-02 17:04:04:0258] | CInterfaceManager.cpp-L2846: delete one DataNode
[2017-11-02 17:04:04:0336] | CInterfaceManager.cpp-L2846: delete one DataNode
[2017-11-02 17:04:04:0390] | CInterfaceManager.cpp-L2846: delete one DataNode
[2017-11-02 17:04:04:0455] | CInterfaceManager.cpp-L2846: delete one DataNode
[2017-11-02 17:04:04:0533] | CInterfaceManager.cpp-L2846: delete one DataNode
[2017-11-02 17:04:04:0600] | CInterfaceManager.cpp-L2846: delete one DataNode
[2017-11-02 17:04:04:0665] | CInterfaceManager.cpp-L2846: delete one DataNode
[2017-11-02 17:04:04:0721] | CInterfaceManager.cpp-L2846: delete one DataNode
[2017-11-02 17:04:04:0792] | CInterfaceManager.cpp-L2846: delete one DataNode
[2017-11-02 17:04:04:0858] | CInterfaceManager.cpp-L2846: delete one DataNode
[2017-11-02 17:04:04:0925] | CInterfaceManager.cpp-L2846: delete one DataNode
[2017-11-02 17:04:04:0990] | CInterfaceManager.cpp-L2846: delete one DataNode
[2017-11-02 17:04:05:0067] | CInterfaceManager.cpp-L2846: delete one DataNode
[2017-11-02 17:04:05:0135] | CInterfaceManager.cpp-L2846: delete one DataNode
[2017-11-02 17:04:05:0190] | CInterfaceManager.cpp-L2846: delete one DataNode
[2017-11-02 17:04:05:0284] | CInterfaceManager.cpp-L2846: delete one DataNode
[2017-11-02 17:04:05:0354] | CInterfaceManager.cpp-L2846: delete one DataNode
[2017-11-02 17:04:05:0415] | CInterfaceManager.cpp-L2846: delete one DataNode
[2017-11-02 17:04:05:0469] | CInterfaceManager.cpp-L2846: delete one DataNode
[2017-11-02 17:04:05:0524] | CInterfaceManager.cpp-L2846: delete one DataNode
[2017-11-02 17:04:05:0594] | CInterfaceManager.cpp-L2846: delete one DataNode
[2017-11-02 17:04:05:0672] | CInterfaceManager.cpp-L2846: delete one DataNode
[2017-11-02 17:04:05:0727] | CInterfaceManager.cpp-L2846: delete one DataNode
[2017-11-02 17:04:05:0788] | CInterfaceManager.cpp-L2846: delete one DataNode
[2017-11-02 17:04:05:0853] | CInterfaceManager.cpp-L2846: delete one DataNode
[2017-11-02 17:04:05:0926] | CInterfaceManager.cpp-L2846: delete one DataNode
[2017-11-02 17:04:05:0998] | CInterfaceManager.cpp-L2846: delete one DataNode
[2017-11-02 17:04:06:0063] | CInterfaceManager.cpp-L2846: delete one DataNode
[2017-11-02 17:04:06:0120] | CInterfaceManager.cpp-L2846: delete one DataNode
[2017-11-02 17:04:06:0185] | CInterfaceManager.cpp-L2846: delete one DataNode
[2017-11-02 17:04:06:0256] | CInterfaceManager.cpp-L2846: delete one DataNode
[2017-11-02 17:04:06:0323] | CInterfaceManager.cpp-L2846: delete one DataNode
[2017-11-02 17:04:06:0387] | CInterfaceManager.cpp-L2846: delete one DataNode
[2017-11-02 17:04:06:0458] | CInterfaceManager.cpp-L2846: delete one DataNode
[2017-11-02 17:04:06:0531] | CInterfaceManager.cpp-L2846: delete one DataNode
[2017-11-02 17:04:06:0590] | CInterfaceManager.cpp-L2846: delete one DataNode
[2017-11-02 17:04:06:0668] | CInterfaceManager.cpp-L2846: delete one DataNode
[2017-11-02 17:04:06:0724] | CInterfaceManager.cpp-L2846: delete one DataNode
[2017-11-02 17:04:06:0789] | CInterfaceManager.cpp-L2846: delete one DataNode
[2017-11-02 17:04:06:0854] | CInterfaceManager.cpp-L2846: delete one DataNode
[2017-11-02 17:04:06:0921] | CInterfaceManager.cpp-L2846: delete one DataNode
[2017-11-02 17:04:06:0991] | CInterfaceManager.cpp-L2846: delete one DataNode
[2017-11-02 17:04:07:0063] | CInterfaceManager.cpp-L2846: delete one DataNode
[2017-11-02 17:04:07:0125] | CInterfaceManager.cpp-L2846: delete one DataNode
[2017-11-02 17:04:07:0196] | CInterfaceManager.cpp-L2846: delete one DataNode
[2017-11-02 17:04:07:0252] | CInterfaceManager.cpp-L2846: delete one DataNode
[2017-11-02 17:04:07:0343] | CInterfaceManager.cpp-L2846: delete one DataNode
[2017-11-02 17:04:07:0399] | CInterfaceManager.cpp-L2846: delete one DataNode
[2017-11-02 17:04:07:0458] | CInterfaceManager.cpp-L2846: delete one DataNode
[2017-11-02 17:04:07:0525] | CInterfaceManager.cpp-L2846: delete one DataNode
[2017-11-02 17:04:07:0601] | CInterfaceManager.cpp-L2846: delete one DataNode
[2017-11-02 17:04:07:0667] | CInterfaceManager.cpp-L2846: delete one DataNode
[2017-11-02 17:04:07:0728] | CInterfaceManager.cpp-L2846: delete one DataNode
[2017-11-02 17:04:07:0788] | CInterfaceManager.cpp-L2846: delete one DataNode
[2017-11-02 17:04:07:0872] | CInterfaceManager.cpp-L2846: delete one DataNode
[2017-11-02 17:04:07:0923] | CInterfaceManager.cpp-L2846: delete one DataNode
[2017-11-02 17:04:07:0988] | CInterfaceManager.cpp-L2846: delete one DataNode
[2017-11-02 17:04:08:0054] | CInterfaceManager.cpp-L2846: delete one DataNode
[2017-11-02 17:04:08:0120] | CInterfaceManager.cpp-L2846: delete one DataNode
[2017-11-02 17:04:08:0191] | CInterfaceManager.cpp-L2846: delete one DataNode
[2017-11-02 17:04:08:0251] | CInterfaceManager.cpp-L2846: delete one DataNode
[2017-11-02 17:04:08:0318] | CInterfaceManager.cpp-L2846: delete one DataNode
[2017-11-02 17:04:08:0407] | CInterfaceManager.cpp-L2846: delete one DataNode
[2017-11-02 17:04:08:0483] | CInterfaceManager.cpp-L2846: delete one DataNode
[2017-11-02 17:04:08:0531] | CInterfaceManager.cpp-L2846: delete one DataNode
[2017-11-02 17:04:08:0597] | CInterfaceManager.cpp-L2846: delete one DataNode
[2017-11-02 17:04:08:0661] | CInterfaceManager.cpp-L2846: delete one DataNode
[2017-11-02 17:04:08:0729] | CInterfaceManager.cpp-L2846: delete one DataNode
[2017-11-02 17:04:08:0802] | CInterfaceManager.cpp-L2846: delete one DataNode
[2017-11-02 17:04:08:0867] | CInterfaceManager.cpp-L2846: delete one DataNode
[2017-11-02 17:04:08:0934] | CInterfaceManager.cpp-L2846: delete one DataNode
[2017-11-02 17:04:09:0000] | CInterfaceManager.cpp-L2846: delete one DataNode
[2017-11-02 17:04:09:0065] | CInterfaceManager.cpp-L2846: delete one DataNode
[2017-11-02 17:04:09:0132] | CInterfaceManager.cpp-L2846: delete one DataNode
[2017-11-02 17:04:09:0185] | CInterfaceManager.cpp-L2846: delete one DataNode
[2017-11-02 17:04:09:0251] | CInterfaceManager.cpp-L2846: delete one DataNode
[2017-11-02 17:04:09:0335] | CInterfaceManager.cpp-L2846: delete one DataNode
[2017-11-02 17:04:09:0401] | CInterfaceManager.cpp-L2846: delete one DataNode
[2017-11-02 17:04:09:0455] | CInterfaceManager.cpp-L2846: delete one DataNode
[2017-11-02 17:04:09:0521] | CInterfaceManager.cpp-L2846: delete one DataNode
[2017-11-02 17:04:09:0597] | CInterfaceManager.cpp-L2846: delete one DataNode
[2017-11-02 17:04:09:0680] | CInterfaceManager.cpp-L2846: delete one DataNode
[2017-11-02 17:04:09:0731] | CInterfaceManager.cpp-L2846: delete one DataNode
[2017-11-02 17:04:09:0785] | CInterfaceManager.cpp-L2846: delete one DataNode
[2017-11-02 17:04:09:0856] | CInterfaceManager.cpp-L2846: delete one DataNode
[2017-11-02 17:04:09:0917] | CInterfaceManager.cpp-L2846: delete one DataNode
[2017-11-02 17:04:09:0993] | CInterfaceManager.cpp-L2846: delete one DataNode
[2017-11-02 17:04:10:0059] | CInterfaceManager.cpp-L2846: delete one DataNode
[2017-11-02 17:04:10:0120] | CInterfaceManager.cpp-L2846: delete one DataNode
[2017-11-02 17:04:10:0185] | CInterfaceManager.cpp-L2846: delete one DataNode
[2017-11-02 17:04:10:0251] | CInterfaceManager.cpp-L2846: delete one DataNode
[2017-11-02 17:04:10:0318] | CInterfaceManager.cpp-L2846: delete one DataNode
[2017-11-02 17:04:10:0389] | CInterfaceManager.cpp-L2846: delete one DataNode
[2017-11-02 17:04:10:0449] | CInterfaceManager.cpp-L2846: delete one DataNode
[2017-11-02 17:04:10:0522] | CInterfaceManager.cpp-L2846: delete one DataNode
[2017-11-02 17:04:10:0593] | CInterfaceManager.cpp-L2846: delete one DataNode
[2017-11-02 17:04:10:0653] | CInterfaceManager.cpp-L2846: delete one DataNode
[2017-11-02 17:04:10:0714] | CInterfaceManager.cpp-L2846: delete one DataNode
[2017-11-02 17:04:10:0796] | CInterfaceManager.cpp-L2846: delete one DataNode
[2017-11-02 17:04:10:0868] | CInterfaceManager.cpp-L2846: delete one DataNode
[2017-11-02 17:04:10:0917] | CInterfaceManager.cpp-L2846: delete one DataNode
[2017-11-02 17:04:10:0987] | CInterfaceManager.cpp-L2846: delete one DataNode
[2017-11-02 17:04:11:0058] | CInterfaceManager.cpp-L2846: delete one DataNode
[2017-11-02 17:04:11:0118] | CInterfaceManager.cpp-L2846: delete one DataNode
[2017-11-02 17:04:11:0183] | CInterfaceManager.cpp-L2846: delete one DataNode
[2017-11-02 17:04:11:0249] | CInterfaceManager.cpp-L2846: delete one DataNode
[2017-11-02 17:04:11:0316] | CInterfaceManager.cpp-L2846: delete one DataNode
[2017-11-02 17:04:11:0391] | CInterfaceManager.cpp-L2846: delete one DataNode
[2017-11-02 17:04:11:0452] | CInterfaceManager.cpp-L2846: delete one DataNode
[2017-11-02 17:04:11:0518] | CInterfaceManager.cpp-L2846: delete one DataNode
[2017-11-02 17:04:11:0584] | CInterfaceManager.cpp-L2846: delete one DataNode
[2017-11-02 17:04:11:0650] | CInterfaceManager.cpp-L2846: delete one DataNode
[2017-11-02 17:04:11:0717] | CInterfaceManager.cpp-L2846: delete one DataNode
[2017-11-02 17:04:11:0787] | CInterfaceManager.cpp-L2846: delete one DataNode
[2017-11-02 17:04:11:0852] | CInterfaceManager.cpp-L2846: delete one DataNode
[2017-11-02 17:04:11:0959] | CInterfaceManager.cpp-L2846: delete one DataNode
[2017-11-02 17:04:12:0014] | CInterfaceManager.cpp-L2846: delete one DataNode
[2017-11-02 17:04:12:0091] | CInterfaceManager.cpp-L2846: delete one DataNode
[2017-11-02 17:04:12:0169] | CInterfaceManager.cpp-L2846: delete one DataNode
[2017-11-02 17:04:12:0246] | CInterfaceManager.cpp-L2846: delete one DataNode
[2017-11-02 17:04:12:0300] | CInterfaceManager.cpp-L2846: delete one DataNode
[2017-11-02 17:04:12:0354] | CInterfaceManager.cpp-L2846: delete one DataNode
[2017-11-02 17:04:12:0427] | CInterfaceManager.cpp-L2846: delete one DataNode
[2017-11-02 17:04:12:0480] | CInterfaceManager.cpp-L2846: delete one DataNode
[2017-11-02 17:04:12:0529] | CInterfaceManager.cpp-L2846: delete one DataNode
[2017-11-02 17:04:12:0588] | CInterfaceManager.cpp-L2846: delete one DataNode
[2017-11-02 17:04:12:0670] | CInterfaceManager.cpp-L2846: delete one DataNode
[2017-11-02 17:04:12:0737] | CInterfaceManager.cpp-L2846: delete one DataNode
[2017-11-02 17:04:12:0802] | CInterfaceManager.cpp-L2846: delete one DataNode
[2017-11-02 17:04:12:0867] | CInterfaceManager.cpp-L2846: delete one DataNode
[2017-11-02 17:04:12:0922] | CInterfaceManager.cpp-L2846: delete one DataNode
[2017-11-02 17:04:12:0998] | CInterfaceManager.cpp-L2846: delete one DataNode
[2017-11-02 17:04:13:0057] | CInterfaceManager.cpp-L2846: delete one DataNode
[2017-11-02 17:04:13:0118] | CInterfaceManager.cpp-L2846: delete one DataNode
[2017-11-02 17:04:13:0188] | CInterfaceManager.cpp-L2846: delete one DataNode
[2017-11-02 17:04:13:0265] | CInterfaceManager.cpp-L2846: delete one DataNode
[2017-11-02 17:04:13:0327] | CInterfaceManager.cpp-L2846: delete one DataNode
[2017-11-02 17:04:13:0399] | CInterfaceManager.cpp-L2846: delete one DataNode
[2017-11-02 17:04:13:0453] | CInterfaceManager.cpp-L2846: delete one DataNode
[2017-11-02 17:04:13:0532] | CInterfaceManager.cpp-L2846: delete one DataNode
[2017-11-02 17:04:13:0591] | CInterfaceManager.cpp-L2846: delete one DataNode
[2017-11-02 17:04:13:0668] | CInterfaceManager.cpp-L2846: delete one DataNode
[2017-11-02 17:04:13:0736] | CInterfaceManager.cpp-L2846: delete one DataNode
[2017-11-02 17:04:13:0787] | CInterfaceManager.cpp-L2846: delete one DataNode
[2017-11-02 17:04:13:0865] | CInterfaceManager.cpp-L2846: delete one DataNode
[2017-11-02 17:04:13:0932] | CInterfaceManager.cpp-L2846: delete one DataNode
[2017-11-02 17:04:14:0002] | CInterfaceManager.cpp-L2846: delete one DataNode
[2017-11-02 17:04:14:0061] | CInterfaceManager.cpp-L2846: delete one DataNode
[2017-11-02 17:04:14:0129] | CInterfaceManager.cpp-L2846: delete one DataNode
[2017-11-02 17:04:14:0184] | CInterfaceManager.cpp-L2846: delete one DataNode
[2017-11-02 17:04:14:0284] | CInterfaceManager.cpp-L2846: delete one DataNode
[2017-11-02 17:04:14:0339] | CInterfaceManager.cpp-L2846: delete one DataNode
[2017-11-02 17:04:14:0392] | CInterfaceManager.cpp-L2846: delete one DataNode
[2017-11-02 17:04:14:0451] | CInterfaceManager.cpp-L2846: delete one DataNode
[2017-11-02 17:04:14:0524] | CInterfaceManager.cpp-L2846: delete one DataNode
[2017-11-02 17:04:14:0588] | CInterfaceManager.cpp-L2846: delete one DataNode
[2017-11-02 17:04:14:0654] | CInterfaceManager.cpp-L2846: delete one DataNode
[2017-11-02 17:04:14:0733] | CInterfaceManager.cpp-L2846: delete one DataNode
[2017-11-02 17:04:14:0786] | CInterfaceManager.cpp-L2846: delete one DataNode
[2017-11-02 17:04:14:0852] | CInterfaceManager.cpp-L2846: delete one DataNode
[2017-11-02 17:04:14:0936] | CInterfaceManager.cpp-L2846: delete one DataNode
[2017-11-02 17:04:15:0019] | CInterfaceManager.cpp-L2846: delete one DataNode
[2017-11-02 17:04:15:0073] | CInterfaceManager.cpp-L2846: delete one DataNode
[2017-11-02 17:04:15:0128] | CInterfaceManager.cpp-L2846: delete one DataNode
[2017-11-02 17:04:15:0181] | CInterfaceManager.cpp-L2846: delete one DataNode
[2017-11-02 17:04:15:0258] | CInterfaceManager.cpp-L2846: delete one DataNode
[2017-11-02 17:04:15:0313] | CInterfaceManager.cpp-L2846: delete one DataNode
[2017-11-02 17:04:15:0377] | CInterfaceManager.cpp-L2846: delete one DataNode
[2017-11-02 17:04:15:0445] | CInterfaceManager.cpp-L2846: delete one DataNode
[2017-11-02 17:04:15:0512] | CInterfaceManager.cpp-L2846: delete one DataNode
[2017-11-02 17:04:15:0583] | CInterfaceManager.cpp-L2846: delete one DataNode
[2017-11-02 17:04:15:0645] | CInterfaceManager.cpp-L2846: delete one DataNode
[2017-11-02 17:04:15:0722] | CInterfaceManager.cpp-L2846: delete one DataNode
[2017-11-02 17:04:15:0787] | CInterfaceManager.cpp-L2846: delete one DataNode
[2017-11-02 17:04:15:0852] | CInterfaceManager.cpp-L2846: delete one DataNode
[2017-11-02 17:04:15:0913] | CInterfaceManager.cpp-L2846: delete one DataNode
[2017-11-02 17:04:15:0978] | CInterfaceManager.cpp-L2846: delete one DataNode
[2017-11-02 17:04:16:0046] | CInterfaceManager.cpp-L2846: delete one DataNode
[2017-11-02 17:04:16:0114] | CInterfaceManager.cpp-L2846: delete one DataNode
[2017-11-02 17:04:16:0199] | CInterfaceManager.cpp-L2846: delete one DataNode
[2017-11-02 17:04:16:0248] | CInterfaceManager.cpp-L2846: delete one DataNode
[2017-11-02 17:04:16:0320] | CInterfaceManager.cpp-L2846: delete one DataNode
[2017-11-02 17:04:16:0381] | CInterfaceManager.cpp-L2846: delete one DataNode
[2017-11-02 17:04:16:0458] | CInterfaceManager.cpp-L2846: delete one DataNode
[2017-11-02 17:04:16:0519] | CInterfaceManager.cpp-L2846: delete one DataNode
[2017-11-02 17:04:16:0579] | CInterfaceManager.cpp-L2846: delete one DataNode
[2017-11-02 17:04:16:0668] | CInterfaceManager.cpp-L2846: delete one DataNode
[2017-11-02 17:04:16:0740] | CInterfaceManager.cpp-L2846: delete one DataNode
[2017-11-02 17:04:16:0795] | CInterfaceManager.cpp-L2846: delete one DataNode
[2017-11-02 17:04:16:0867] | CInterfaceManager.cpp-L2846: delete one DataNode
[2017-11-02 17:04:16:0929] | CInterfaceManager.cpp-L2846: delete one DataNode
[2017-11-02 17:04:16:0984] | CInterfaceManager.cpp-L2846: delete one DataNode
[2017-11-02 17:04:17:0044] | CInterfaceManager.cpp-L2846: delete one DataNode
[2017-11-02 17:04:17:0110] | CInterfaceManager.cpp-L2846: delete one DataNode
[2017-11-02 17:04:17:0187] | CInterfaceManager.cpp-L2846: delete one DataNode
[2017-11-02 17:04:17:0242] | CInterfaceManager.cpp-L2846: delete one DataNode
[2017-11-02 17:04:17:0314] | CInterfaceManager.cpp-L2846: delete one DataNode
[2017-11-02 17:04:17:0398] | CInterfaceManager.cpp-L2846: delete one DataNode
[2017-11-02 17:04:17:0453] | CInterfaceManager.cpp-L2846: delete one DataNode
[2017-11-02 17:04:17:0525] | CInterfaceManager.cpp-L2846: delete one DataNode
[2017-11-02 17:04:17:0579] | CInterfaceManager.cpp-L2846: delete one DataNode
[2017-11-02 17:04:17:0656] | CInterfaceManager.cpp-L2846: delete one DataNode
[2017-11-02 17:04:17:0711] | CInterfaceManager.cpp-L2846: delete one DataNode
[2017-11-02 17:04:17:0787] | CInterfaceManager.cpp-L2846: delete one DataNode
[2017-11-02 17:04:17:0871] | CInterfaceManager.cpp-L2846: delete one DataNode
[2017-11-02 17:04:17:0938] | CInterfaceManager.cpp-L2846: delete one DataNode
[2017-11-02 17:04:17:0985] | CInterfaceManager.cpp-L2846: delete one DataNode
[2017-11-02 17:04:18:0047] | CInterfaceManager.cpp-L2846: delete one DataNode
[2017-11-02 17:04:18:0113] | CInterfaceManager.cpp-L2846: delete one DataNode
[2017-11-02 17:04:18:0179] | CInterfaceManager.cpp-L2846: delete one DataNode
[2017-11-02 17:04:18:0245] | CInterfaceManager.cpp-L2846: delete one DataNode
[2017-11-02 17:04:18:0312] | CInterfaceManager.cpp-L2846: delete one DataNode
[2017-11-02 17:04:18:0379] | CInterfaceManager.cpp-L2846: delete one DataNode
[2017-11-02 17:04:18:0446] | CInterfaceManager.cpp-L2846: delete one DataNode
[2017-11-02 17:04:18:0524] | CInterfaceManager.cpp-L2846: delete one DataNode
[2017-11-02 17:04:18:0577] | CInterfaceManager.cpp-L2846: delete one DataNode
[2017-11-02 17:04:18:0644] | CInterfaceManager.cpp-L2846: delete one DataNode
[2017-11-02 17:04:18:0712] | CInterfaceManager.cpp-L2846: delete one DataNode
[2017-11-02 17:04:18:0778] | CInterfaceManager.cpp-L2846: delete one DataNode
[2017-11-02 17:04:18:0845] | CInterfaceManager.cpp-L2846: delete one DataNode
[2017-11-02 17:04:18:0922] | CInterfaceManager.cpp-L2846: delete one DataNode
[2017-11-02 17:04:18:0976] | CInterfaceManager.cpp-L2846: delete one DataNode
[2017-11-02 17:04:19:0045] | CInterfaceManager.cpp-L2846: delete one DataNode
[2017-11-02 17:04:19:0124] | CInterfaceManager.cpp-L2846: delete one DataNode
[2017-11-02 17:04:19:0178] | CInterfaceManager.cpp-L2846: delete one DataNode
[2017-11-02 17:04:19:0255] | CInterfaceManager.cpp-L2846: delete one DataNode
[2017-11-02 17:04:19:0310] | CInterfaceManager.cpp-L2846: delete one DataNode
[2017-11-02 17:04:19:0388] | CInterfaceManager.cpp-L2846: delete one DataNode
[2017-11-02 17:04:19:0465] | CInterfaceManager.cpp-L2846: delete one DataNode
[2017-11-02 17:04:19:0514] | CInterfaceManager.cpp-L2846: delete one DataNode
[2017-11-02 17:04:19:0572] | CInterfaceManager.cpp-L2846: delete one DataNode
[2017-11-02 17:04:19:0639] | CInterfaceManager.cpp-L2846: delete one DataNode
[2017-11-02 17:04:19:0716] | CInterfaceManager.cpp-L2846: delete one DataNode
[2017-11-02 17:04:19:0776] | CInterfaceManager.cpp-L2846: delete one DataNode
[2017-11-02 17:04:19:0846] | CInterfaceManager.cpp-L2846: delete one DataNode
[2017-11-02 17:04:19:0913] | CInterfaceManager.cpp-L2846: delete one DataNode
[2017-11-02 17:04:19:0980] | CInterfaceManager.cpp-L2846: delete one DataNode
[2017-11-02 17:04:20:0052] | CInterfaceManager.cpp-L2846: delete one DataNode
[2017-11-02 17:04:20:0106] | CInterfaceManager.cpp-L2846: delete one DataNode
[2017-11-02 17:04:20:0178] | CInterfaceManager.cpp-L2846: delete one DataNode
[2017-11-02 17:04:20:0240] | CInterfaceManager.cpp-L2846: delete one DataNode
[2017-11-02 17:04:20:0312] | CInterfaceManager.cpp-L2846: delete one DataNode
[2017-11-02 17:04:20:0377] | CInterfaceManager.cpp-L2846: delete one DataNode
[2017-11-02 17:04:20:0443] | CInterfaceManager.cpp-L2846: delete one DataNode
[2017-11-02 17:04:20:0509] | CInterfaceManager.cpp-L2846: delete one DataNode
[2017-11-02 17:04:20:0580] | CInterfaceManager.cpp-L2846: delete one DataNode
[2017-11-02 17:04:20:0641] | CInterfaceManager.cpp-L2846: delete one DataNode
[2017-11-02 17:04:20:0706] | CInterfaceManager.cpp-L2846: delete one DataNode
[2017-11-02 17:04:20:0772] | CInterfaceManager.cpp-L2846: delete one DataNode
[2017-11-02 17:04:20:0839] | CInterfaceManager.cpp-L2846: delete one DataNode
[2017-11-02 17:04:20:0911] | CInterfaceManager.cpp-L2846: delete one DataNode
[2017-11-02 17:04:20:0977] | CInterfaceManager.cpp-L2846: delete one DataNode
[2017-11-02 17:04:21:0037] | CInterfaceManager.cpp-L2846: delete one DataNode
[2017-11-02 17:04:21:0109] | CInterfaceManager.cpp-L2846: delete one DataNode
[2017-11-02 17:04:21:0174] | CInterfaceManager.cpp-L2846: delete one DataNode
[2017-11-02 17:04:21:0264] | CInterfaceManager.cpp-L2846: delete one DataNode
[2017-11-02 17:04:21:0320] | CInterfaceManager.cpp-L2846: delete one DataNode
[2017-11-02 17:04:21:0373] | CInterfaceManager.cpp-L2846: delete one DataNode
[2017-11-02 17:04:21:0446] | CInterfaceManager.cpp-L2846: delete one DataNode
[2017-11-02 17:04:21:0523] | CInterfaceManager.cpp-L2846: delete one DataNode
[2017-11-02 17:04:21:0601] | CInterfaceManager.cpp-L2846: delete one DataNode
[2017-11-02 17:04:21:0655] | CInterfaceManager.cpp-L2846: delete one DataNode
[2017-11-02 17:04:21:0730] | CInterfaceManager.cpp-L2846: delete one DataNode
[2017-11-02 17:04:21:0802] | CInterfaceManager.cpp-L2846: delete one DataNode
[2017-11-02 17:04:21:0856] | CInterfaceManager.cpp-L2846: delete one DataNode
[2017-11-02 17:04:21:0912] | CInterfaceManager.cpp-L2846: delete one DataNode
[2017-11-02 17:04:21:0984] | CInterfaceManager.cpp-L2846: delete one DataNode
[2017-11-02 17:04:22:0038] | CInterfaceManager.cpp-L2846: delete one DataNode
[2017-11-02 17:04:22:0109] | CInterfaceManager.cpp-L2846: delete one DataNode
[2017-11-02 17:04:22:0170] | CInterfaceManager.cpp-L2846: delete one DataNode
[2017-11-02 17:04:22:0242] | CInterfaceManager.cpp-L2846: delete one DataNode
[2017-11-02 17:04:22:0304] | CInterfaceManager.cpp-L2846: delete one DataNode
[2017-11-02 17:04:22:0381] | CInterfaceManager.cpp-L2846: delete one DataNode
[2017-11-02 17:04:22:0436] | CInterfaceManager.cpp-L2846: delete one DataNode
[2017-11-02 17:04:22:0508] | CInterfaceManager.cpp-L2846: delete one DataNode
[2017-11-02 17:04:22:0573] | CInterfaceManager.cpp-L2846: delete one DataNode
[2017-11-02 17:04:22:0656] | CInterfaceManager.cpp-L2846: delete one DataNode
[2017-11-02 17:04:22:0723] | CInterfaceManager.cpp-L2846: delete one DataNode
[2017-11-02 17:04:22:0782] | CInterfaceManager.cpp-L2846: delete one DataNode
[2017-11-02 17:04:22:0843] | CInterfaceManager.cpp-L2846: delete one DataNode
[2017-11-02 17:04:22:0916] | CInterfaceManager.cpp-L2846: delete one DataNode
[2017-11-02 17:04:22:0976] | CInterfaceManager.cpp-L2846: delete one DataNode
[2017-11-02 17:04:23:0038] | CInterfaceManager.cpp-L2846: delete one DataNode
[2017-11-02 17:04:23:0133] | CInterfaceManager.cpp-L2846: delete one DataNode
[2017-11-02 17:04:23:0229] | CInterfaceManager.cpp-L2846: delete one DataNode
[2017-11-02 17:04:23:0296] | CInterfaceManager.cpp-L2846: delete one DataNode
[2017-11-02 17:04:23:0361] | CInterfaceManager.cpp-L2846: delete one DataNode
[2017-11-02 17:04:23:0422] | CInterfaceManager.cpp-L2846: delete one DataNode
[2017-11-02 17:04:23:0496] | CInterfaceManager.cpp-L2846: delete one DataNode
[2017-11-02 17:04:23:0556] | CInterfaceManager.cpp-L2846: delete one DataNode
[2017-11-02 17:04:23:0605] | CInterfaceManager.cpp-L2846: delete one DataNode
[2017-11-02 17:04:23:0676] | CInterfaceManager.cpp-L2846: delete one DataNode
[2017-11-02 17:04:23:0738] | CInterfaceManager.cpp-L2846: delete one DataNode
[2017-11-02 17:04:23:0792] | CInterfaceManager.cpp-L2846: delete one DataNode
[2017-11-02 17:04:23:0856] | CInterfaceManager.cpp-L2846: delete one DataNode
[2017-11-02 17:04:23:0917] | CInterfaceManager.cpp-L2846: delete one DataNode
[2017-11-02 17:04:23:0995] | CInterfaceManager.cpp-L2846: delete one DataNode
[2017-11-02 17:04:24:0055] | CInterfaceManager.cpp-L2846: delete one DataNode
[2017-11-02 17:04:24:0146] | CInterfaceManager.cpp-L2846: delete one DataNode
[2017-11-02 17:04:24:0207] | CInterfaceManager.cpp-L2846: delete one DataNode
[2017-11-02 17:04:24:0279] | CInterfaceManager.cpp-L2846: delete one DataNode
[2017-11-02 17:04:24:0345] | CInterfaceManager.cpp-L2846: delete one DataNode
[2017-11-02 17:04:24:0400] | CInterfaceManager.cpp-L2846: delete one DataNode
[2017-11-02 17:04:24:0460] | CInterfaceManager.cpp-L2846: delete one DataNode
[2017-11-02 17:04:24:0521] | CInterfaceManager.cpp-L2846: delete one DataNode
[2017-11-02 17:04:24:0575] | CInterfaceManager.cpp-L2846: delete one DataNode
[2017-11-02 17:04:24:0664] | CInterfaceManager.cpp-L2846: delete one DataNode
[2017-11-02 17:04:24:0719] | CInterfaceManager.cpp-L2846: delete one DataNode
[2017-11-02 17:04:24:0795] | CInterfaceManager.cpp-L2846: delete one DataNode
[2017-11-02 17:04:24:0848] | CInterfaceManager.cpp-L2846: delete one DataNode
[2017-11-02 17:04:24:0910] | CInterfaceManager.cpp-L2846: delete one DataNode
[2017-11-02 17:04:24:0971] | CInterfaceManager.cpp-L2846: delete one DataNode
[2017-11-02 17:04:25:0049] | CInterfaceManager.cpp-L2846: delete one DataNode
[2017-11-02 17:04:25:0104] | CInterfaceManager.cpp-L2846: delete one DataNode
[2017-11-02 17:04:25:0186] | CInterfaceManager.cpp-L2846: delete one DataNode
[2017-11-02 17:04:25:0258] | CInterfaceManager.cpp-L2846: delete one DataNode
[2017-11-02 17:04:25:0313] | CInterfaceManager.cpp-L2846: delete one DataNode
[2017-11-02 17:04:25:0384] | CInterfaceManager.cpp-L2846: delete one DataNode
[2017-11-02 17:04:25:0445] | CInterfaceManager.cpp-L2846: delete one DataNode
[2017-11-02 17:04:25:0513] | CInterfaceManager.cpp-L2846: delete one DataNode
[2017-11-02 17:04:25:0598] | CInterfaceManager.cpp-L2846: delete one DataNode
[2017-11-02 17:04:25:0651] | CInterfaceManager.cpp-L2846: delete one DataNode
[2017-11-02 17:04:25:0701] | CInterfaceManager.cpp-L2846: delete one DataNode
[2017-11-02 17:04:25:0772] | CInterfaceManager.cpp-L2846: delete one DataNode
[2017-11-02 17:04:25:0839] | CInterfaceManager.cpp-L2846: delete one DataNode
[2017-11-02 17:04:25:0913] | CInterfaceManager.cpp-L2846: delete one DataNode
[2017-11-02 17:04:25:0972] | CInterfaceManager.cpp-L2846: delete one DataNode
[2017-11-02 17:04:26:0041] | CInterfaceManager.cpp-L2846: delete one DataNode
[2017-11-02 17:04:26:0133] | CInterfaceManager.cpp-L2846: delete one DataNode
[2017-11-02 17:04:26:0187] | CInterfaceManager.cpp-L2846: delete one DataNode
[2017-11-02 17:04:26:0259] | CInterfaceManager.cpp-L2846: delete one DataNode
[2017-11-02 17:04:26:0315] | CInterfaceManager.cpp-L2846: delete one DataNode
[2017-11-02 17:04:26:0381] | CInterfaceManager.cpp-L2846: delete one DataNode
[2017-11-02 17:04:26:0437] | CInterfaceManager.cpp-L2846: delete one DataNode
[2017-11-02 17:04:26:0503] | CInterfaceManager.cpp-L2846: delete one DataNode
[2017-11-02 17:04:26:0586] | CInterfaceManager.cpp-L2846: delete one DataNode
[2017-11-02 17:04:26:0641] | CInterfaceManager.cpp-L2846: delete one DataNode
[2017-11-02 17:04:26:0708] | CInterfaceManager.cpp-L2846: delete one DataNode
[2017-11-02 17:04:26:0768] | CInterfaceManager.cpp-L2846: delete one DataNode
[2017-11-02 17:04:26:0835] | CInterfaceManager.cpp-L2846: delete one DataNode
[2017-11-02 17:04:26:0918] | CInterfaceManager.cpp-L2846: delete one DataNode
[2017-11-02 17:04:26:0978] | CInterfaceManager.cpp-L2846: delete one DataNode
[2017-11-02 17:04:27:0038] | CInterfaceManager.cpp-L2846: delete one DataNode
[2017-11-02 17:04:27:0115] | CInterfaceManager.cpp-L2846: delete one DataNode
[2017-11-02 17:04:27:0174] | CInterfaceManager.cpp-L2846: delete one DataNode
[2017-11-02 17:04:27:0249] | CInterfaceManager.cpp-L2846: delete one DataNode
[2017-11-02 17:04:27:0305] | CInterfaceManager.cpp-L2846: delete one DataNode
[2017-11-02 17:04:27:0371] | CInterfaceManager.cpp-L2846: delete one DataNode
[2017-11-02 17:04:27:0449] | CInterfaceManager.cpp-L2846: delete one DataNode
[2017-11-02 17:04:27:0510] | CInterfaceManager.cpp-L2846: delete one DataNode
[2017-11-02 17:04:27:0589] | CInterfaceManager.cpp-L2846: delete one DataNode
[2017-11-02 17:04:27:0648] | CInterfaceManager.cpp-L2846: delete one DataNode
[2017-11-02 17:04:27:0716] | CInterfaceManager.cpp-L2846: delete one DataNode
[2017-11-02 17:04:27:0793] | CInterfaceManager.cpp-L2846: delete one DataNode
[2017-11-02 17:04:27:0851] | CInterfaceManager.cpp-L2846: delete one DataNode
[2017-11-02 17:04:27:0937] | CInterfaceManager.cpp-L2846: delete one DataNode
[2017-11-02 17:04:27:0998] | CInterfaceManager.cpp-L2846: delete one DataNode
[2017-11-02 17:04:28:0052] | CInterfaceManager.cpp-L2846: delete one DataNode
[2017-11-02 17:04:28:0107] | CInterfaceManager.cpp-L2846: delete one DataNode
[2017-11-02 17:04:28:0195] | CInterfaceManager.cpp-L2846: delete one DataNode
[2017-11-02 17:04:28:0250] | CInterfaceManager.cpp-L2846: delete one DataNode
[2017-11-02 17:04:28:0317] | CInterfaceManager.cpp-L2846: delete one DataNode
[2017-11-02 17:04:28:0382] | CInterfaceManager.cpp-L2846: delete one DataNode
[2017-11-02 17:04:28:0438] | CInterfaceManager.cpp-L2846: delete one DataNode
[2017-11-02 17:04:28:0509] | CInterfaceManager.cpp-L2846: delete one DataNode
[2017-11-02 17:04:28:0569] | CInterfaceManager.cpp-L2846: delete one DataNode
[2017-11-02 17:04:28:0648] | CInterfaceManager.cpp-L2846: delete one DataNode
[2017-11-02 17:04:28:0716] | CInterfaceManager.cpp-L2846: delete one DataNode
[2017-11-02 17:04:28:0788] | CInterfaceManager.cpp-L2846: delete one DataNode
[2017-11-02 17:04:28:0850] | CInterfaceManager.cpp-L2846: delete one DataNode
[2017-11-02 17:04:28:0906] | CInterfaceManager.cpp-L2846: delete one DataNode
[2017-11-02 17:04:28:0967] | CInterfaceManager.cpp-L2846: delete one DataNode
[2017-11-02 17:04:29:0043] | CInterfaceManager.cpp-L2846: delete one DataNode
[2017-11-02 17:04:29:0098] | CInterfaceManager.cpp-L2846: delete one DataNode
[2017-11-02 17:04:29:0170] | CInterfaceManager.cpp-L2846: delete one DataNode
[2017-11-02 17:04:29:0236] | CInterfaceManager.cpp-L2846: delete one DataNode
[2017-11-02 17:04:29:0309] | CInterfaceManager.cpp-L2846: delete one DataNode
[2017-11-02 17:04:29:0369] | CInterfaceManager.cpp-L2846: delete one DataNode
[2017-11-02 17:04:29:0448] | CInterfaceManager.cpp-L2846: delete one DataNode
[2017-11-02 17:04:29:0510] | CInterfaceManager.cpp-L2846: delete one DataNode
[2017-11-02 17:04:29:0565] | CInterfaceManager.cpp-L2846: delete one DataNode
[2017-11-02 17:04:29:0632] | CInterfaceManager.cpp-L2846: delete one DataNode
[2017-11-02 17:04:29:0697] | CInterfaceManager.cpp-L2846: delete one DataNode
[2017-11-02 17:04:29:0775] | CInterfaceManager.cpp-L2846: delete one DataNode
[2017-11-02 17:04:29:0836] | CInterfaceManager.cpp-L2846: delete one DataNode
[2017-11-02 17:04:29:0915] | CInterfaceManager.cpp-L2846: delete one DataNode
[2017-11-02 17:04:29:0976] | CInterfaceManager.cpp-L2846: delete one DataNode
[2017-11-02 17:04:30:0037] | CInterfaceManager.cpp-L2846: delete one DataNode
[2017-11-02 17:04:30:0103] | CInterfaceManager.cpp-L2846: delete one DataNode
[2017-11-02 17:04:30:0169] | CInterfaceManager.cpp-L2846: delete one DataNode
[2017-11-02 17:04:30:0235] | CInterfaceManager.cpp-L2846: delete one DataNode
[2017-11-02 17:04:30:0301] | CInterfaceManager.cpp-L2846: delete one DataNode
[2017-11-02 17:04:30:0366] | CInterfaceManager.cpp-L2846: delete one DataNode
[2017-11-02 17:04:30:0433] | CInterfaceManager.cpp-L2846: delete one DataNode
[2017-11-02 17:04:30:0499] | CInterfaceManager.cpp-L2846: delete one DataNode
[2017-11-02 17:04:30:0570] | CInterfaceManager.cpp-L2846: delete one DataNode
[2017-11-02 17:04:30:0633] | CInterfaceManager.cpp-L2846: delete one DataNode
[2017-11-02 17:04:30:0700] | CInterfaceManager.cpp-L2846: delete one DataNode
[2017-11-02 17:04:30:0765] | CInterfaceManager.cpp-L2846: delete one DataNode
[2017-11-02 17:04:30:0832] | CInterfaceManager.cpp-L2846: delete one DataNode
[2017-11-02 17:04:30:0898] | CInterfaceManager.cpp-L2846: delete one DataNode
[2017-11-02 17:04:30:0998] | CInterfaceManager.cpp-L2846: delete one DataNode
[2017-11-02 17:04:31:0057] | CInterfaceManager.cpp-L2846: delete one DataNode
[2017-11-02 17:04:31:0108] | CInterfaceManager.cpp-L2846: delete one DataNode
[2017-11-02 17:04:31:0174] | CInterfaceManager.cpp-L2846: delete one DataNode
[2017-11-02 17:04:31:0236] | CInterfaceManager.cpp-L2846: delete one DataNode
[2017-11-02 17:04:31:0296] | CInterfaceManager.cpp-L2846: delete one DataNode
[2017-11-02 17:04:31:0379] | CInterfaceManager.cpp-L2846: delete one DataNode
[2017-11-02 17:04:31:0434] | CInterfaceManager.cpp-L2846: delete one DataNode
[2017-11-02 17:04:31:0495] | CInterfaceManager.cpp-L2846: delete one DataNode
[2017-11-02 17:04:31:0633] | CInterfaceManager.cpp-L0645: getfcnt [635], getfcntsucceed[535], totalRecv[993] 
[2017-11-02 17:04:31:0635] | CInterfaceManager.cpp-L2673: RecvThreadProcess exit
